;  LST file generated by mikroListExporter - v.2.0 
; Date/Time: 25/01/2022 04:49:02 ã
;----------------------------------------------

;Address Opcode 	ASM
0x0000	0x2CE5      	GOTO       1253
_interrupt:
0x0004	0x00FF      	MOVWF      R15
0x0005	0x0E03      	SWAPF      STATUS, 0
0x0006	0x0183      	CLRF       STATUS
0x0007	0x00DC      	MOVWF      ___saveSTATUS
0x0008	0x080A      	MOVF       PCLATH, 0
0x0009	0x00DB      	MOVWF      ___savePCLATH
0x000A	0x018A      	CLRF       PCLATH
;temperaturedetector.c,21 :: 		void interrupt (){
;temperaturedetector.c,22 :: 		if(portb.B1 == 1)
0x000B	0x1C86      	BTFSS      PORTB, 1
0x000C	0x2811      	GOTO       L_interrupt0
;temperaturedetector.c,24 :: 		spe_degree=spe_degree+1;
0x000D	0x0AD9      	INCF       _spe_degree, 1
0x000E	0x1903      	BTFSC      STATUS, 2
0x000F	0x0ADA      	INCF       _spe_degree+1, 1
;temperaturedetector.c,25 :: 		}
0x0010	0x281B      	GOTO       L_interrupt1
L_interrupt0:
;temperaturedetector.c,26 :: 		else if(portb.B2 == 1)
0x0011	0x1D06      	BTFSS      PORTB, 2
0x0012	0x2818      	GOTO       L_interrupt2
;temperaturedetector.c,28 :: 		spe_degree=spe_degree-1;
0x0013	0x3001      	MOVLW      1
0x0014	0x02D9      	SUBWF      _spe_degree, 1
0x0015	0x1C03      	BTFSS      STATUS, 0
0x0016	0x03DA      	DECF       _spe_degree+1, 1
;temperaturedetector.c,29 :: 		}
0x0017	0x281B      	GOTO       L_interrupt3
L_interrupt2:
;temperaturedetector.c,30 :: 		else if(portb.B3 == 1)
0x0018	0x1D86      	BTFSS      PORTB, 3
0x0019	0x281B      	GOTO       L_interrupt4
;temperaturedetector.c,32 :: 		INTCON.INTF=0;
0x001A	0x108B      	BCF        INTCON, 1
;temperaturedetector.c,33 :: 		}
L_interrupt4:
L_interrupt3:
L_interrupt1:
;temperaturedetector.c,34 :: 		}
L_end_interrupt:
L__interrupt11:
0x001B	0x085B      	MOVF       ___savePCLATH, 0
0x001C	0x008A      	MOVWF      PCLATH
0x001D	0x0E5C      	SWAPF      ___saveSTATUS, 0
0x001E	0x0083      	MOVWF      STATUS
0x001F	0x0EFF      	SWAPF      R15, 1
0x0020	0x0E7F      	SWAPF      R15, 0
0x0021	0x0009      	RETFIE
; end of _interrupt
_Delay_50us:
;__Lib_Delays.c,19 :: 		void Delay_50us() {
;__Lib_Delays.c,20 :: 		Delay_us(50);
0x0022	0x3021      	MOVLW      33
0x0023	0x1283      	BCF        STATUS, 5
0x0024	0x1303      	BCF        STATUS, 6
0x0025	0x00FD      	MOVWF      R13
L_Delay_50us2:
0x0026	0x0BFD      	DECFSZ     R13, 1
0x0027	0x2826      	GOTO       L_Delay_50us2
;__Lib_Delays.c,21 :: 		}
L_end_Delay_50us:
0x0028	0x0008      	RETURN
; end of _Delay_50us
_Delay_5500us:
;__Lib_Delays.c,31 :: 		void Delay_5500us() {
;__Lib_Delays.c,32 :: 		Delay_us(5500);
0x0029	0x300F      	MOVLW      15
0x002A	0x1283      	BCF        STATUS, 5
0x002B	0x1303      	BCF        STATUS, 6
0x002C	0x00FC      	MOVWF      R12
0x002D	0x3047      	MOVLW      71
0x002E	0x00FD      	MOVWF      R13
L_Delay_5500us5:
0x002F	0x0BFD      	DECFSZ     R13, 1
0x0030	0x282F      	GOTO       L_Delay_5500us5
0x0031	0x0BFC      	DECFSZ     R12, 1
0x0032	0x282F      	GOTO       L_Delay_5500us5
0x0033	0x0000      	NOP
0x0034	0x0000      	NOP
;__Lib_Delays.c,33 :: 		}
L_end_Delay_5500us:
0x0035	0x0008      	RETURN
; end of _Delay_5500us
_Delay_1us:
;__Lib_Delays.c,7 :: 		void Delay_1us() {
;__Lib_Delays.c,8 :: 		Delay_us(1);
0x0036	0x0000      	NOP
0x0037	0x0000      	NOP
;__Lib_Delays.c,9 :: 		}
L_end_Delay_1us:
0x0038	0x0008      	RETURN
; end of _Delay_1us
_Lcd_Cmd:
;__Lib_Lcd.c,18 :: 		
;__Lib_Lcd.c,20 :: 		
0x0039	0x1283      	BCF        STATUS, 5
0x003A	0x1303      	BCF        STATUS, 6
0x003B	0x1BEB      	BTFSC      FARG_Lcd_Cmd_out_char, 7
0x003C	0x283F      	GOTO       L__Lcd_Cmd21
0x003D	0x1107      	BCF        LCD_D7, BitPos(LCD_D7+0)
0x003E	0x2840      	GOTO       L__Lcd_Cmd22
L__Lcd_Cmd21:
0x003F	0x1507      	BSF        LCD_D7, BitPos(LCD_D7+0)
L__Lcd_Cmd22:
;__Lib_Lcd.c,21 :: 		
0x0040	0x1B6B      	BTFSC      FARG_Lcd_Cmd_out_char, 6
0x0041	0x2844      	GOTO       L__Lcd_Cmd23
0x0042	0x1187      	BCF        LCD_D6, BitPos(LCD_D6+0)
0x0043	0x2845      	GOTO       L__Lcd_Cmd24
L__Lcd_Cmd23:
0x0044	0x1587      	BSF        LCD_D6, BitPos(LCD_D6+0)
L__Lcd_Cmd24:
;__Lib_Lcd.c,22 :: 		
0x0045	0x1AEB      	BTFSC      FARG_Lcd_Cmd_out_char, 5
0x0046	0x2849      	GOTO       L__Lcd_Cmd25
0x0047	0x1207      	BCF        LCD_D5, BitPos(LCD_D5+0)
0x0048	0x284A      	GOTO       L__Lcd_Cmd26
L__Lcd_Cmd25:
0x0049	0x1607      	BSF        LCD_D5, BitPos(LCD_D5+0)
L__Lcd_Cmd26:
;__Lib_Lcd.c,23 :: 		
0x004A	0x1A6B      	BTFSC      FARG_Lcd_Cmd_out_char, 4
0x004B	0x284E      	GOTO       L__Lcd_Cmd27
0x004C	0x1287      	BCF        LCD_D4, BitPos(LCD_D4+0)
0x004D	0x284F      	GOTO       L__Lcd_Cmd28
L__Lcd_Cmd27:
0x004E	0x1687      	BSF        LCD_D4, BitPos(LCD_D4+0)
L__Lcd_Cmd28:
;__Lib_Lcd.c,25 :: 		
0x004F	0x184A      	BTFSC      __Lib_Lcd_cmd_status, BitPos(__Lib_Lcd_cmd_status+0)
0x0050	0x2853      	GOTO       L__Lcd_Cmd29
0x0051	0x1787      	BSF        LCD_RS, BitPos(LCD_RS+0)
0x0052	0x2854      	GOTO       L__Lcd_Cmd30
L__Lcd_Cmd29:
0x0053	0x1387      	BCF        LCD_RS, BitPos(LCD_RS+0)
L__Lcd_Cmd30:
;__Lib_Lcd.c,28 :: 		
0x0054	0x1707      	BSF        LCD_EN, BitPos(LCD_EN+0)
;__Lib_Lcd.c,29 :: 		
0x0055	0x2036      	CALL       _Delay_1us
;__Lib_Lcd.c,30 :: 		
0x0056	0x1307      	BCF        LCD_EN, BitPos(LCD_EN+0)
;__Lib_Lcd.c,33 :: 		
0x0057	0x19EB      	BTFSC      FARG_Lcd_Cmd_out_char, 3
0x0058	0x285B      	GOTO       L__Lcd_Cmd31
0x0059	0x1107      	BCF        LCD_D7, BitPos(LCD_D7+0)
0x005A	0x285C      	GOTO       L__Lcd_Cmd32
L__Lcd_Cmd31:
0x005B	0x1507      	BSF        LCD_D7, BitPos(LCD_D7+0)
L__Lcd_Cmd32:
;__Lib_Lcd.c,34 :: 		
0x005C	0x196B      	BTFSC      FARG_Lcd_Cmd_out_char, 2
0x005D	0x2860      	GOTO       L__Lcd_Cmd33
0x005E	0x1187      	BCF        LCD_D6, BitPos(LCD_D6+0)
0x005F	0x2861      	GOTO       L__Lcd_Cmd34
L__Lcd_Cmd33:
0x0060	0x1587      	BSF        LCD_D6, BitPos(LCD_D6+0)
L__Lcd_Cmd34:
;__Lib_Lcd.c,35 :: 		
0x0061	0x18EB      	BTFSC      FARG_Lcd_Cmd_out_char, 1
0x0062	0x2865      	GOTO       L__Lcd_Cmd35
0x0063	0x1207      	BCF        LCD_D5, BitPos(LCD_D5+0)
0x0064	0x2866      	GOTO       L__Lcd_Cmd36
L__Lcd_Cmd35:
0x0065	0x1607      	BSF        LCD_D5, BitPos(LCD_D5+0)
L__Lcd_Cmd36:
;__Lib_Lcd.c,36 :: 		
0x0066	0x186B      	BTFSC      FARG_Lcd_Cmd_out_char, 0
0x0067	0x286A      	GOTO       L__Lcd_Cmd37
0x0068	0x1287      	BCF        LCD_D4, BitPos(LCD_D4+0)
0x0069	0x286B      	GOTO       L__Lcd_Cmd38
L__Lcd_Cmd37:
0x006A	0x1687      	BSF        LCD_D4, BitPos(LCD_D4+0)
L__Lcd_Cmd38:
;__Lib_Lcd.c,38 :: 		
0x006B	0x184A      	BTFSC      __Lib_Lcd_cmd_status, BitPos(__Lib_Lcd_cmd_status+0)
0x006C	0x286F      	GOTO       L__Lcd_Cmd39
0x006D	0x1787      	BSF        LCD_RS, BitPos(LCD_RS+0)
0x006E	0x2870      	GOTO       L__Lcd_Cmd40
L__Lcd_Cmd39:
0x006F	0x1387      	BCF        LCD_RS, BitPos(LCD_RS+0)
L__Lcd_Cmd40:
;__Lib_Lcd.c,40 :: 		
0x0070	0x1707      	BSF        LCD_EN, BitPos(LCD_EN+0)
;__Lib_Lcd.c,41 :: 		
0x0071	0x2036      	CALL       _Delay_1us
;__Lib_Lcd.c,42 :: 		
0x0072	0x1307      	BCF        LCD_EN, BitPos(LCD_EN+0)
;__Lib_Lcd.c,44 :: 		
0x0073	0x1C4A      	BTFSS      __Lib_Lcd_cmd_status, BitPos(__Lib_Lcd_cmd_status+0)
0x0074	0x2877      	GOTO       L_Lcd_Cmd0
;__Lib_Lcd.c,45 :: 		
0x0075	0x2029      	CALL       _Delay_5500us
0x0076	0x2878      	GOTO       L_Lcd_Cmd1
L_Lcd_Cmd0:
;__Lib_Lcd.c,47 :: 		
0x0077	0x2022      	CALL       _Delay_50us
L_Lcd_Cmd1:
;__Lib_Lcd.c,48 :: 		
L_end_Lcd_Cmd:
0x0078	0x0008      	RETURN
; end of _Lcd_Cmd
_FIXSIGN32:
;__Lib_MathDouble.c,112 :: 		
;__Lib_MathDouble.c,116 :: 		
0x0079	0x1FFA      	BTFSS      R10, 7
;__Lib_MathDouble.c,117 :: 		
0x007A	0x13F2      	BCF        R2, 7
;__Lib_MathDouble.c,118 :: 		
0x007B	0x3000      	MOVLW      0
;__Lib_MathDouble.c,120 :: 		
L_end_FIXSIGN32:
0x007C	0x0008      	RETURN
; end of _FIXSIGN32
_Div_16X16_U:
;__Lib_Math.c,215 :: 		
;__Lib_Math.c,222 :: 		
0x007D	0x1283      	BCF        STATUS, 5
;__Lib_Math.c,223 :: 		
0x007E	0x1303      	BCF        STATUS, 6
;__Lib_Math.c,224 :: 		
0x007F	0x01F8      	CLRF       R8
;__Lib_Math.c,225 :: 		
0x0080	0x01F9      	CLRF       R9
;__Lib_Math.c,226 :: 		
0x0081	0x3010      	MOVLW      16
;__Lib_Math.c,227 :: 		
0x0082	0x00FC      	MOVWF      R12
;__Lib_Math.c,228 :: 		
0x0083	0x0D71      	RLF        R1, 0
;__Lib_Math.c,229 :: 		
0x0084	0x0DF8      	RLF        R8, 1
;__Lib_Math.c,230 :: 		
0x0085	0x0DF9      	RLF        R9, 1
;__Lib_Math.c,231 :: 		
0x0086	0x0874      	MOVF       R4, 0
;__Lib_Math.c,232 :: 		
0x0087	0x02F8      	SUBWF      R8, 1
;__Lib_Math.c,233 :: 		
0x0088	0x0875      	MOVF       R5, 0
;__Lib_Math.c,234 :: 		
0x0089	0x1C03      	BTFSS      STATUS, 0
;__Lib_Math.c,235 :: 		
0x008A	0x0F75      	INCFSZ     R5, 0
;__Lib_Math.c,236 :: 		
0x008B	0x02F9      	SUBWF      R9, 1
;__Lib_Math.c,237 :: 		
0x008C	0x1803      	BTFSC      STATUS, 0
;__Lib_Math.c,238 :: 		
0x008D	0x2895      	GOTO       $+8
;__Lib_Math.c,239 :: 		
0x008E	0x0874      	MOVF       R4, 0
;__Lib_Math.c,240 :: 		
0x008F	0x07F8      	ADDWF      R8, 1
;__Lib_Math.c,241 :: 		
0x0090	0x0875      	MOVF       R5, 0
;__Lib_Math.c,242 :: 		
0x0091	0x1803      	BTFSC      STATUS, 0
;__Lib_Math.c,243 :: 		
0x0092	0x0F75      	INCFSZ     R5, 0
;__Lib_Math.c,244 :: 		
0x0093	0x07F9      	ADDWF      R9, 1
;__Lib_Math.c,245 :: 		
0x0094	0x1003      	BCF        STATUS, 0
;__Lib_Math.c,246 :: 		
0x0095	0x0DF0      	RLF        R0, 1
;__Lib_Math.c,247 :: 		
0x0096	0x0DF1      	RLF        R1, 1
;__Lib_Math.c,248 :: 		
0x0097	0x0BFC      	DECFSZ     R12, 1
;__Lib_Math.c,249 :: 		
0x0098	0x2883      	GOTO       $-21
;__Lib_Math.c,251 :: 		
L_end_Div_16X16_U:
0x0099	0x0008      	RETURN
; end of _Div_16X16_U
_SETFUN32:
;__Lib_MathDouble.c,138 :: 		
;__Lib_MathDouble.c,145 :: 		
0x009A	0x157B      	BSF        R11, 2
;__Lib_MathDouble.c,146 :: 		
0x009B	0x1FFB      	BTFSS      R11, 7
;__Lib_MathDouble.c,147 :: 		
0x009C	0x28A4      	GOTO       SETFUN32EEE
;__Lib_MathDouble.c,148 :: 		
0x009D	0x3001      	MOVLW      1
;__Lib_MathDouble.c,149 :: 		
0x009E	0x00F3      	MOVWF      R3
;__Lib_MathDouble.c,150 :: 		
0x009F	0x01F2      	CLRF       R2
;__Lib_MathDouble.c,151 :: 		
0x00A0	0x01F1      	CLRF       R1
;__Lib_MathDouble.c,152 :: 		
0x00A1	0x01F0      	CLRF       R0
;__Lib_MathDouble.c,153 :: 		
0x00A2	0x0DFA      	RLF        R10, 1
;__Lib_MathDouble.c,154 :: 		
0x00A3	0x0CF2      	RRF        R2, 1
;__Lib_MathDouble.c,155 :: 		
SETFUN32EEE:
;__Lib_MathDouble.c,156 :: 		
0x00A4	0x30FF      	MOVLW      255
;__Lib_MathDouble.c,158 :: 		
L_end_SETFUN32:
0x00A5	0x0008      	RETURN
; end of _SETFUN32
_RES032:
;__Lib_MathDouble.c,123 :: 		
;__Lib_MathDouble.c,128 :: 		
0x00A6	0x01F2      	CLRF       R2
;__Lib_MathDouble.c,129 :: 		
0x00A7	0x01F1      	CLRF       R1
;__Lib_MathDouble.c,130 :: 		
0x00A8	0x01F0      	CLRF       R0
;__Lib_MathDouble.c,131 :: 		
0x00A9	0x01F8      	CLRF       R8
;__Lib_MathDouble.c,132 :: 		
0x00AA	0x01F3      	CLRF       R3
;__Lib_MathDouble.c,133 :: 		
0x00AB	0x3000      	MOVLW      0
;__Lib_MathDouble.c,135 :: 		
L_end_RES032:
0x00AC	0x0008      	RETURN
; end of _RES032
_SETFOV32:
;__Lib_MathDouble.c,79 :: 		
;__Lib_MathDouble.c,86 :: 		
0x00AD	0x14FB      	BSF        R11, 1
;__Lib_MathDouble.c,87 :: 		
0x00AE	0x1FFB      	BTFSS      R11, 7
;__Lib_MathDouble.c,88 :: 		
0x00AF	0x28B7      	GOTO       SETFOV32EEE
;__Lib_MathDouble.c,89 :: 		
0x00B0	0x30FF      	MOVLW      255
;__Lib_MathDouble.c,90 :: 		
0x00B1	0x00F3      	MOVWF      R3
;__Lib_MathDouble.c,91 :: 		
0x00B2	0x00F2      	MOVWF      R2
;__Lib_MathDouble.c,92 :: 		
0x00B3	0x00F1      	MOVWF      R1
;__Lib_MathDouble.c,93 :: 		
0x00B4	0x00F0      	MOVWF      R0
;__Lib_MathDouble.c,94 :: 		
0x00B5	0x0DFA      	RLF        R10, 1
;__Lib_MathDouble.c,95 :: 		
0x00B6	0x0CF2      	RRF        R2, 1
;__Lib_MathDouble.c,96 :: 		
SETFOV32EEE:
;__Lib_MathDouble.c,97 :: 		
0x00B7	0x30FF      	MOVLW      255
;__Lib_MathDouble.c,99 :: 		
L_end_SETFOV32:
0x00B8	0x0008      	RETURN
; end of _SETFOV32
_Div_16x16_S_L:
;__Lib_Math.c,421 :: 		
;__Lib_Math.c,427 :: 		
0x00B9	0x0D71      	RLF        R1, 0
;__Lib_Math.c,428 :: 		
0x00BA	0x0DF8      	RLF        R8, 1
;__Lib_Math.c,429 :: 		
0x00BB	0x0DF9      	RLF        R9, 1
;__Lib_Math.c,430 :: 		
0x00BC	0x0874      	MOVF       R4, 0
;__Lib_Math.c,431 :: 		
0x00BD	0x02F8      	SUBWF      R8, 1
;__Lib_Math.c,432 :: 		
0x00BE	0x0875      	MOVF       R5, 0
;__Lib_Math.c,433 :: 		
0x00BF	0x1C03      	BTFSS      STATUS, 0
;__Lib_Math.c,434 :: 		
0x00C0	0x0F75      	INCFSZ     R5, 0
;__Lib_Math.c,435 :: 		
0x00C1	0x02F9      	SUBWF      R9, 1
;__Lib_Math.c,436 :: 		
0x00C2	0x0DF0      	RLF        R0, 1
;__Lib_Math.c,437 :: 		
0x00C3	0x0DF1      	RLF        R1, 1
;__Lib_Math.c,439 :: 		
0x00C4	0x300F      	MOVLW      15
;__Lib_Math.c,440 :: 		
0x00C5	0x00FC      	MOVWF      R12
;__Lib_Math.c,442 :: 		
0x00C6	0x0D71      	RLF        R1, 0
;__Lib_Math.c,443 :: 		
0x00C7	0x0DF8      	RLF        R8, 1
;__Lib_Math.c,444 :: 		
0x00C8	0x0DF9      	RLF        R9, 1
;__Lib_Math.c,445 :: 		
0x00C9	0x0874      	MOVF       R4, 0
;__Lib_Math.c,447 :: 		
0x00CA	0x1C70      	BTFSS      R0, 0
;__Lib_Math.c,448 :: 		
0x00CB	0x28D2      	GOTO       $+7
;__Lib_Math.c,449 :: 		
0x00CC	0x02F8      	SUBWF      R8, 1
;__Lib_Math.c,450 :: 		
0x00CD	0x0875      	MOVF       R5, 0
;__Lib_Math.c,451 :: 		
0x00CE	0x1C03      	BTFSS      STATUS, 0
;__Lib_Math.c,452 :: 		
0x00CF	0x0F75      	INCFSZ     R5, 0
;__Lib_Math.c,453 :: 		
0x00D0	0x02F9      	SUBWF      R9, 1
;__Lib_Math.c,454 :: 		
0x00D1	0x28D7      	GOTO       $+6
;__Lib_Math.c,456 :: 		
0x00D2	0x07F8      	ADDWF      R8, 1
;__Lib_Math.c,457 :: 		
0x00D3	0x0875      	MOVF       R5, 0
;__Lib_Math.c,458 :: 		
0x00D4	0x1803      	BTFSC      STATUS, 0
;__Lib_Math.c,459 :: 		
0x00D5	0x0F75      	INCFSZ     R5, 0
;__Lib_Math.c,460 :: 		
0x00D6	0x07F9      	ADDWF      R9, 1
;__Lib_Math.c,462 :: 		
0x00D7	0x0DF0      	RLF        R0, 1
;__Lib_Math.c,463 :: 		
0x00D8	0x0DF1      	RLF        R1, 1
;__Lib_Math.c,465 :: 		
0x00D9	0x0BFC      	DECFSZ     R12, 1
;__Lib_Math.c,466 :: 		
0x00DA	0x28C6      	GOTO       $-20
;__Lib_Math.c,468 :: 		
0x00DB	0x1870      	BTFSC      R0, 0
;__Lib_Math.c,469 :: 		
0x00DC	0x28E3      	GOTO       $+7
;__Lib_Math.c,470 :: 		
0x00DD	0x0874      	MOVF       R4, 0
;__Lib_Math.c,471 :: 		
0x00DE	0x07F8      	ADDWF      R8, 1
;__Lib_Math.c,472 :: 		
0x00DF	0x0875      	MOVF       R5, 0
;__Lib_Math.c,473 :: 		
0x00E0	0x1803      	BTFSC      STATUS, 0
;__Lib_Math.c,474 :: 		
0x00E1	0x0F75      	INCFSZ     R5, 0
;__Lib_Math.c,475 :: 		
0x00E2	0x07F9      	ADDWF      R9, 1
;__Lib_Math.c,476 :: 		
0x00E3	0x0000      	NOP
;__Lib_Math.c,478 :: 		
L_end_Div_16x16_S_L:
0x00E4	0x0008      	RETURN
; end of _Div_16x16_S_L
_Delay_22us:
;__Lib_Delays.c,15 :: 		void Delay_22us() {
;__Lib_Delays.c,16 :: 		Delay_us(22);
0x00E5	0x300E      	MOVLW      14
0x00E6	0x1283      	BCF        STATUS, 5
0x00E7	0x1303      	BCF        STATUS, 6
0x00E8	0x00FD      	MOVWF      R13
L_Delay_22us1:
0x00E9	0x0BFD      	DECFSZ     R13, 1
0x00EA	0x28E9      	GOTO       L_Delay_22us1
0x00EB	0x0000      	NOP
;__Lib_Delays.c,17 :: 		}
L_end_Delay_22us:
0x00EC	0x0008      	RETURN
; end of _Delay_22us
_____DoICP:
;__Lib_System.c,6 :: 		
;__Lib_System.c,9 :: 		
0x00ED	0x1283      	BCF        STATUS, 5
0x00EE	0x1303      	BCF        STATUS, 6
0x00EF	0x084C      	MOVF       ___DoICPAddr+1, 0
0x00F0	0x008A      	MOVWF      PCLATH
;__Lib_System.c,10 :: 		
0x00F1	0x084B      	MOVF       ___DoICPAddr, 0
0x00F2	0x0082      	MOVWF      PCL
;__Lib_System.c,12 :: 		
L_end_____DoICP:
0x00F3	0x0008      	RETURN
; end of _____DoICP
_WordToStr:
;__Lib_Conversions.c,98 :: 		
;__Lib_Conversions.c,103 :: 		
0x00F4	0x1283      	BCF        STATUS, 5
0x00F5	0x1303      	BCF        STATUS, 6
0x00F6	0x01E9      	CLRF       WordToStr_len_L0
L_WordToStr11:
0x00F7	0x3005      	MOVLW      5
0x00F8	0x0269      	SUBWF      WordToStr_len_L0, 0
0x00F9	0x1803      	BTFSC      STATUS, 0
0x00FA	0x2902      	GOTO       L_WordToStr12
;__Lib_Conversions.c,104 :: 		
0x00FB	0x0869      	MOVF       WordToStr_len_L0, 0
0x00FC	0x0768      	ADDWF      FARG_WordToStr_output, 0
0x00FD	0x0084      	MOVWF      FSR
0x00FE	0x3020      	MOVLW      32
0x00FF	0x0080      	MOVWF      INDF
;__Lib_Conversions.c,103 :: 		
0x0100	0x0AE9      	INCF       WordToStr_len_L0, 1
;__Lib_Conversions.c,104 :: 		
0x0101	0x28F7      	GOTO       L_WordToStr11
L_WordToStr12:
;__Lib_Conversions.c,105 :: 		
0x0102	0x0869      	MOVF       WordToStr_len_L0, 0
0x0103	0x0768      	ADDWF      FARG_WordToStr_output, 0
0x0104	0x0084      	MOVWF      FSR
0x0105	0x0180      	CLRF       INDF
0x0106	0x03E9      	DECF       WordToStr_len_L0, 1
;__Lib_Conversions.c,107 :: 		
L_WordToStr14:
;__Lib_Conversions.c,108 :: 		
0x0107	0x0869      	MOVF       WordToStr_len_L0, 0
0x0108	0x0768      	ADDWF      FARG_WordToStr_output, 0
0x0109	0x00EA      	MOVWF      FLOC__WordToStr
0x010A	0x300A      	MOVLW      10
0x010B	0x00F4      	MOVWF      R4
0x010C	0x01F5      	CLRF       R4+1
0x010D	0x0866      	MOVF       FARG_WordToStr_input, 0
0x010E	0x00F0      	MOVWF      R0
0x010F	0x0867      	MOVF       FARG_WordToStr_input+1, 0
0x0110	0x00F1      	MOVWF      R0+1
0x0111	0x207D      	CALL       _Div_16X16_U
0x0112	0x0878      	MOVF       R8, 0
0x0113	0x00F0      	MOVWF      R0
0x0114	0x0879      	MOVF       R8+1, 0
0x0115	0x00F1      	MOVWF      R0+1
0x0116	0x3030      	MOVLW      48
0x0117	0x07F0      	ADDWF      R0, 1
0x0118	0x086A      	MOVF       FLOC__WordToStr, 0
0x0119	0x0084      	MOVWF      FSR
0x011A	0x0870      	MOVF       R0, 0
0x011B	0x0080      	MOVWF      INDF
;__Lib_Conversions.c,109 :: 		
0x011C	0x300A      	MOVLW      10
0x011D	0x00F4      	MOVWF      R4
0x011E	0x01F5      	CLRF       R4+1
0x011F	0x0866      	MOVF       FARG_WordToStr_input, 0
0x0120	0x00F0      	MOVWF      R0
0x0121	0x0867      	MOVF       FARG_WordToStr_input+1, 0
0x0122	0x00F1      	MOVWF      R0+1
0x0123	0x207D      	CALL       _Div_16X16_U
0x0124	0x0870      	MOVF       R0, 0
0x0125	0x00E6      	MOVWF      FARG_WordToStr_input
0x0126	0x0871      	MOVF       R0+1, 0
0x0127	0x00E7      	MOVWF      FARG_WordToStr_input+1
;__Lib_Conversions.c,110 :: 		
0x0128	0x3000      	MOVLW      0
0x0129	0x0671      	XORWF      R0+1, 0
0x012A	0x1D03      	BTFSS      STATUS, 2
0x012B	0x292E      	GOTO       L__WordToStr379
0x012C	0x3000      	MOVLW      0
0x012D	0x0670      	XORWF      R0, 0
L__WordToStr379:
0x012E	0x1D03      	BTFSS      STATUS, 2
0x012F	0x2931      	GOTO       L_WordToStr16
;__Lib_Conversions.c,111 :: 		
0x0130	0x2933      	GOTO       L_WordToStr15
L_WordToStr16:
;__Lib_Conversions.c,112 :: 		
0x0131	0x03E9      	DECF       WordToStr_len_L0, 1
;__Lib_Conversions.c,113 :: 		
0x0132	0x2907      	GOTO       L_WordToStr14
L_WordToStr15:
;__Lib_Conversions.c,114 :: 		
L_end_WordToStr:
0x0133	0x0008      	RETURN
; end of _WordToStr
_Lcd_Chr_CP:
;__Lib_Lcd.c,50 :: 		
;__Lib_Lcd.c,52 :: 		
0x0134	0x1283      	BCF        STATUS, 5
0x0135	0x1303      	BCF        STATUS, 6
0x0136	0x104A      	BCF        __Lib_Lcd_cmd_status, BitPos(__Lib_Lcd_cmd_status+0)
;__Lib_Lcd.c,53 :: 		
0x0137	0x0866      	MOVF       FARG_Lcd_Chr_CP_out_char, 0
0x0138	0x00EB      	MOVWF      FARG_Lcd_Cmd_out_char
0x0139	0x2039      	CALL       _Lcd_Cmd
;__Lib_Lcd.c,54 :: 		
0x013A	0x144A      	BSF        __Lib_Lcd_cmd_status, BitPos(__Lib_Lcd_cmd_status+0)
;__Lib_Lcd.c,55 :: 		
L_end_Lcd_Chr_CP:
0x013B	0x0008      	RETURN
; end of _Lcd_Chr_CP
_SETFDZ32:
;__Lib_MathDouble.c,102 :: 		
;__Lib_MathDouble.c,105 :: 		
0x013C	0x15FB      	BSF        R11, 3
;__Lib_MathDouble.c,106 :: 		
0x013D	0x30FF      	MOVLW      255
;__Lib_MathDouble.c,108 :: 		
L_end_SETFDZ32:
0x013E	0x0008      	RETURN
; end of _SETFDZ32
_SETIOV3224:
;__Lib_MathDouble.c,1000 :: 		
;__Lib_MathDouble.c,1006 :: 		
0x013F	0x147B      	BSF        R11, 0
;__Lib_MathDouble.c,1007 :: 		
0x0140	0x1FFB      	BTFSS      R11, 7
;__Lib_MathDouble.c,1008 :: 		
0x0141	0x294A      	GOTO       SETIOV3224EEE
;__Lib_MathDouble.c,1010 :: 		
0x0142	0x01F2      	CLRF       R2
;__Lib_MathDouble.c,1011 :: 		
0x0143	0x1FFA      	BTFSS      R10, 7
;__Lib_MathDouble.c,1012 :: 		
0x0144	0x30FF      	MOVLW      255
;__Lib_MathDouble.c,1013 :: 		
0x0145	0x00F2      	MOVWF      R2
;__Lib_MathDouble.c,1014 :: 		
0x0146	0x00F1      	MOVWF      R1
;__Lib_MathDouble.c,1015 :: 		
0x0147	0x00F0      	MOVWF      R0
;__Lib_MathDouble.c,1016 :: 		
0x0148	0x0DFA      	RLF        R10, 1
;__Lib_MathDouble.c,1017 :: 		
0x0149	0x0CF2      	RRF        R2, 1
;__Lib_MathDouble.c,1018 :: 		
SETIOV3224EEE:
;__Lib_MathDouble.c,1019 :: 		
0x014A	0x30FF      	MOVLW      255
;__Lib_MathDouble.c,1021 :: 		
L_end_SETIOV3224:
0x014B	0x0008      	RETURN
; end of _SETIOV3224
_NRM3232:
;__Lib_MathDouble.c,167 :: 		
;__Lib_MathDouble.c,173 :: 		
;__Lib_MathDouble.c,175 :: 		
0x014C	0x01A0      	CLRF       __math_tempbD
;__Lib_MathDouble.c,176 :: 		
0x014D	0x0872      	MOVF       R2, 0
;__Lib_MathDouble.c,177 :: 		
0x014E	0x1D03      	BTFSS      STATUS, 2
;__Lib_MathDouble.c,178 :: 		
0x014F	0x2961      	GOTO       NORM3232
;__Lib_MathDouble.c,179 :: 		
0x0150	0x0871      	MOVF       R1, 0
;__Lib_MathDouble.c,180 :: 		
0x0151	0x00F2      	MOVWF      R2
;__Lib_MathDouble.c,181 :: 		
0x0152	0x0870      	MOVF       R0, 0
;__Lib_MathDouble.c,182 :: 		
0x0153	0x00F1      	MOVWF      R1
;__Lib_MathDouble.c,183 :: 		
0x0154	0x01F0      	CLRF       R0
;__Lib_MathDouble.c,184 :: 		
0x0155	0x15A0      	BSF        __math_tempbD, 3
;__Lib_MathDouble.c,186 :: 		
0x0156	0x0872      	MOVF       R2, 0
;__Lib_MathDouble.c,187 :: 		
0x0157	0x1D03      	BTFSS      STATUS, 2
;__Lib_MathDouble.c,188 :: 		
0x0158	0x2961      	GOTO       NORM3232
;__Lib_MathDouble.c,189 :: 		
0x0159	0x0871      	MOVF       R1, 0
;__Lib_MathDouble.c,190 :: 		
0x015A	0x00F2      	MOVWF      R2
;__Lib_MathDouble.c,191 :: 		
0x015B	0x01F1      	CLRF       R1
;__Lib_MathDouble.c,192 :: 		
0x015C	0x11A0      	BCF        __math_tempbD, 3
;__Lib_MathDouble.c,193 :: 		
0x015D	0x1620      	BSF        __math_tempbD, 4
;__Lib_MathDouble.c,195 :: 		
0x015E	0x0872      	MOVF       R2, 0
;__Lib_MathDouble.c,196 :: 		
0x015F	0x1903      	BTFSC      STATUS, 2
;__Lib_MathDouble.c,197 :: 		
0x0160	0x296F      	GOTO       JPNRES032
;__Lib_MathDouble.c,198 :: 		
NORM3232:
;__Lib_MathDouble.c,199 :: 		
0x0161	0x0820      	MOVF       __math_tempbD, 0
;__Lib_MathDouble.c,200 :: 		
0x0162	0x02F3      	SUBWF      R3, 1
;__Lib_MathDouble.c,201 :: 		
0x0163	0x1D03      	BTFSS      STATUS, 2
;__Lib_MathDouble.c,202 :: 		
0x0164	0x1C03      	BTFSS      STATUS, 0
;__Lib_MathDouble.c,203 :: 		
0x0165	0x2973      	GOTO       JPNSETFUN32
;__Lib_MathDouble.c,204 :: 		
0x0166	0x1003      	BCF        STATUS, 0
;__Lib_MathDouble.c,205 :: 		
NORM3232A:
;__Lib_MathDouble.c,206 :: 		
0x0167	0x1BF2      	BTFSC      R2, 7
;__Lib_MathDouble.c,207 :: 		
0x0168	0x2977      	GOTO       JMPNFIXSIGN32
;__Lib_MathDouble.c,208 :: 		
0x0169	0x0DF0      	RLF        R0, 1
;__Lib_MathDouble.c,209 :: 		
0x016A	0x0DF1      	RLF        R1, 1
;__Lib_MathDouble.c,210 :: 		
0x016B	0x0DF2      	RLF        R2, 1
;__Lib_MathDouble.c,211 :: 		
0x016C	0x0BF3      	DECFSZ     R3, 1
;__Lib_MathDouble.c,212 :: 		
0x016D	0x2967      	GOTO       NORM3232A
;__Lib_MathDouble.c,213 :: 		
0x016E	0x2973      	GOTO       JPNSETFUN32
;__Lib_MathDouble.c,214 :: 		
JPNRES032:
;__Lib_MathDouble.c,215 :: 		
0x016F	0x3001      	MOVLW      1
;__Lib_MathDouble.c,216 :: 		
0x0170	0x00FC      	MOVWF      R12
;__Lib_MathDouble.c,218 :: 		
0x0171	0x20A6      	CALL       _RES032
;__Lib_MathDouble.c,220 :: 		
0x0172	0x297A      	GOTO       NORM32EEE
;__Lib_MathDouble.c,221 :: 		
JPNSETFUN32:
;__Lib_MathDouble.c,222 :: 		
0x0173	0x3002      	MOVLW      2
;__Lib_MathDouble.c,223 :: 		
0x0174	0x00FC      	MOVWF      R12
;__Lib_MathDouble.c,225 :: 		
0x0175	0x209A      	CALL       _SETFUN32
;__Lib_MathDouble.c,227 :: 		
0x0176	0x297A      	GOTO       NORM32EEE
;__Lib_MathDouble.c,228 :: 		
JMPNFIXSIGN32:
;__Lib_MathDouble.c,229 :: 		
0x0177	0x3004      	MOVLW      4
;__Lib_MathDouble.c,230 :: 		
0x0178	0x00FC      	MOVWF      R12
;__Lib_MathDouble.c,232 :: 		
0x0179	0x2079      	CALL       _FIXSIGN32
;__Lib_MathDouble.c,234 :: 		
NORM32EEE:
;__Lib_MathDouble.c,236 :: 		
L_end_NRM3232:
0x017A	0x0008      	RETURN
; end of _NRM3232
_int2double:
;__Lib_MathDouble.c,1812 :: 		
;__Lib_MathDouble.c,1818 :: 		
0x017B	0x1283      	BCF        STATUS, 5
;__Lib_MathDouble.c,1819 :: 		
0x017C	0x1303      	BCF        STATUS, 6
;__Lib_MathDouble.c,1820 :: 		
0x017D	0x0870      	MOVF       R0, 0
;__Lib_MathDouble.c,1821 :: 		
0x017E	0x00F8      	MOVWF      R8
;__Lib_MathDouble.c,1822 :: 		
0x017F	0x0871      	MOVF       R1, 0
;__Lib_MathDouble.c,1823 :: 		
0x0180	0x00F0      	MOVWF      R0
;__Lib_MathDouble.c,1824 :: 		
0x0181	0x01F1      	CLRF       R1
;__Lib_MathDouble.c,1825 :: 		
0x0182	0x01F2      	CLRF       R2
;__Lib_MathDouble.c,1826 :: 		
0x0183	0x01F3      	CLRF       R3
;__Lib_MathDouble.c,1829 :: 		
0x0184	0x01FB      	CLRF       R11
;__Lib_MathDouble.c,1830 :: 		
0x0185	0x01FC      	CLRF       R12
;__Lib_MathDouble.c,1832 :: 		
0x0186	0x3096      	MOVLW      150
;__Lib_MathDouble.c,1833 :: 		
0x0187	0x00F3      	MOVWF      R3
;__Lib_MathDouble.c,1834 :: 		
0x0188	0x01FA      	CLRF       R10
;__Lib_MathDouble.c,1835 :: 		
0x0189	0x1FF0      	BTFSS      R0, 7
;__Lib_MathDouble.c,1836 :: 		
0x018A	0x2991      	GOTO       FLO1632EEE
;__Lib_MathDouble.c,1838 :: 		
0x018B	0x09F8      	COMF       R8, 1
;__Lib_MathDouble.c,1839 :: 		
0x018C	0x09F0      	COMF       R0, 1
;__Lib_MathDouble.c,1841 :: 		
0x018D	0x0AF8      	INCF       R8, 1
;__Lib_MathDouble.c,1842 :: 		
0x018E	0x1903      	BTFSC      STATUS, 2
;__Lib_MathDouble.c,1843 :: 		
0x018F	0x0AF0      	INCF       R0, 1
;__Lib_MathDouble.c,1845 :: 		
0x0190	0x17FA      	BSF        R10, 7
;__Lib_MathDouble.c,1846 :: 		
FLO1632EEE:
;__Lib_MathDouble.c,1847 :: 		
0x0191	0x0870      	MOVF       R0, 0
;__Lib_MathDouble.c,1848 :: 		
0x0192	0x00F1      	MOVWF      R1
;__Lib_MathDouble.c,1849 :: 		
0x0193	0x0878      	MOVF       R8, 0
;__Lib_MathDouble.c,1850 :: 		
0x0194	0x00F0      	MOVWF      R0
;__Lib_MathDouble.c,1851 :: 		
0x0195	0x01F8      	CLRF       R8
;__Lib_MathDouble.c,1852 :: 		
0x0196	0x01F2      	CLRF       R2
;__Lib_MathDouble.c,1854 :: 		
0x0197	0x214C      	CALL       _NRM3232
;__Lib_MathDouble.c,1855 :: 		
L_end_int2double:
0x0198	0x0008      	RETURN
; end of _int2double
_Div_32x32_FP:
;__Lib_MathDouble.c,761 :: 		
;__Lib_MathDouble.c,773 :: 		
;__Lib_MathDouble.c,776 :: 		
0x0199	0x1283      	BCF        STATUS, 5
0x019A	0x1303      	BCF        STATUS, 6
0x019B	0x0874      	MOVF       R4, 0
0x019C	0x3A00      	XORLW      0
0x019D	0x1D03      	BTFSS      STATUS, 2
0x019E	0x29B4      	GOTO       L_Div_32x32_FP7
;__Lib_MathDouble.c,777 :: 		
0x019F	0x0875      	MOVF       R5, 0
0x01A0	0x3A00      	XORLW      0
0x01A1	0x1D03      	BTFSS      STATUS, 2
0x01A2	0x29B4      	GOTO       L_Div_32x32_FP8
;__Lib_MathDouble.c,778 :: 		
0x01A3	0x0876      	MOVF       R6, 0
0x01A4	0x3A00      	XORLW      0
0x01A5	0x1D03      	BTFSS      STATUS, 2
0x01A6	0x29B4      	GOTO       L_Div_32x32_FP9
;__Lib_MathDouble.c,779 :: 		
0x01A7	0x0877      	MOVF       R7, 0
0x01A8	0x3A00      	XORLW      0
0x01A9	0x1D03      	BTFSS      STATUS, 2
0x01AA	0x29B4      	GOTO       L_Div_32x32_FP10
;__Lib_MathDouble.c,780 :: 		
0x01AB	0x30FF      	MOVLW      255
0x01AC	0x00F0      	MOVWF      R0
;__Lib_MathDouble.c,781 :: 		
0x01AD	0x30FF      	MOVLW      255
0x01AE	0x00F1      	MOVWF      R1
;__Lib_MathDouble.c,782 :: 		
0x01AF	0x307F      	MOVLW      127
0x01B0	0x00F2      	MOVWF      R2
;__Lib_MathDouble.c,783 :: 		
0x01B1	0x30FF      	MOVLW      255
0x01B2	0x00F3      	MOVWF      R3
;__Lib_MathDouble.c,784 :: 		
0x01B3	0x2A4F      	GOTO       L_end_Div_32x32_FP
;__Lib_MathDouble.c,785 :: 		
L_Div_32x32_FP10:
L_Div_32x32_FP9:
L_Div_32x32_FP8:
L_Div_32x32_FP7:
;__Lib_MathDouble.c,788 :: 		
0x01B4	0x1283      	BCF        STATUS, 5
;__Lib_MathDouble.c,789 :: 		
0x01B5	0x1303      	BCF        STATUS, 6
;__Lib_MathDouble.c,791 :: 		
0x01B6	0x0877      	MOVF       R7, 0
;__Lib_MathDouble.c,792 :: 		
0x01B7	0x1903      	BTFSC      STATUS, 2
;__Lib_MathDouble.c,793 :: 		
0x01B8	0x2A43      	GOTO       JPDSETFDZ32
;__Lib_MathDouble.c,795 :: 		
0x01B9	0x0873      	MOVF       R3, 0
;__Lib_MathDouble.c,796 :: 		
0x01BA	0x1903      	BTFSC      STATUS, 2
;__Lib_MathDouble.c,797 :: 		
0x01BB	0x2A46      	GOTO       JPDRES032
;__Lib_MathDouble.c,799 :: 		
0x01BC	0x0872      	MOVF       R2, 0
;__Lib_MathDouble.c,800 :: 		
0x01BD	0x0676      	XORWF      R6, 0
;__Lib_MathDouble.c,801 :: 		
0x01BE	0x3980      	ANDLW      128
;__Lib_MathDouble.c,802 :: 		
0x01BF	0x00FA      	MOVWF      R10
;__Lib_MathDouble.c,803 :: 		
0x01C0	0x17F2      	BSF        R2, 7
;__Lib_MathDouble.c,804 :: 		
0x01C1	0x17F6      	BSF        R6, 7
;__Lib_MathDouble.c,806 :: 		
0x01C2	0x01A0      	CLRF       __math_tempbD
;__Lib_MathDouble.c,807 :: 		
0x01C3	0x0872      	MOVF       R2, 0
;__Lib_MathDouble.c,808 :: 		
0x01C4	0x00F8      	MOVWF      R8
;__Lib_MathDouble.c,809 :: 		
0x01C5	0x0871      	MOVF       R1, 0
;__Lib_MathDouble.c,810 :: 		
0x01C6	0x00FC      	MOVWF      R12
;__Lib_MathDouble.c,811 :: 		
0x01C7	0x0870      	MOVF       R0, 0
;__Lib_MathDouble.c,812 :: 		
0x01C8	0x00FD      	MOVWF      R13
;__Lib_MathDouble.c,814 :: 		
0x01C9	0x0874      	MOVF       R4, 0
;__Lib_MathDouble.c,815 :: 		
0x01CA	0x02FD      	SUBWF      R13, 1
;__Lib_MathDouble.c,816 :: 		
0x01CB	0x0875      	MOVF       R5, 0
;__Lib_MathDouble.c,817 :: 		
0x01CC	0x1C03      	BTFSS      STATUS, 0
;__Lib_MathDouble.c,818 :: 		
0x01CD	0x0F75      	INCFSZ     R5, 0
;__Lib_MathDouble.c,820 :: 		
0x01CE	0x02FC      	SUBWF      R12, 1
;__Lib_MathDouble.c,821 :: 		
0x01CF	0x0876      	MOVF       R6, 0
;__Lib_MathDouble.c,822 :: 		
0x01D0	0x1C03      	BTFSS      STATUS, 0
;__Lib_MathDouble.c,823 :: 		
0x01D1	0x0F76      	INCFSZ     R6, 0
;__Lib_MathDouble.c,825 :: 		
0x01D2	0x02F8      	SUBWF      R8, 1
;__Lib_MathDouble.c,826 :: 		
0x01D3	0x01F8      	CLRF       R8
;__Lib_MathDouble.c,827 :: 		
0x01D4	0x01FC      	CLRF       R12
;__Lib_MathDouble.c,828 :: 		
0x01D5	0x01FD      	CLRF       R13
;__Lib_MathDouble.c,829 :: 		
0x01D6	0x1C03      	BTFSS      STATUS, 0
;__Lib_MathDouble.c,830 :: 		
0x01D7	0x29DF      	GOTO       DALIGN32OK
;__Lib_MathDouble.c,832 :: 		
0x01D8	0x1003      	BCF        STATUS, 0
;__Lib_MathDouble.c,833 :: 		
0x01D9	0x0CF2      	RRF        R2, 1
;__Lib_MathDouble.c,834 :: 		
0x01DA	0x0CF1      	RRF        R1, 1
;__Lib_MathDouble.c,835 :: 		
0x01DB	0x0CF0      	RRF        R0, 1
;__Lib_MathDouble.c,836 :: 		
0x01DC	0x0CF8      	RRF        R8, 1
;__Lib_MathDouble.c,837 :: 		
0x01DD	0x3001      	MOVLW      1
;__Lib_MathDouble.c,838 :: 		
0x01DE	0x00A0      	MOVWF      __math_tempbD
;__Lib_MathDouble.c,839 :: 		
DALIGN32OK:
;__Lib_MathDouble.c,840 :: 		
0x01DF	0x0877      	MOVF       R7, 0
;__Lib_MathDouble.c,841 :: 		
0x01E0	0x02F3      	SUBWF      R3, 1
;__Lib_MathDouble.c,842 :: 		
0x01E1	0x1C03      	BTFSS      STATUS, 0
;__Lib_MathDouble.c,843 :: 		
0x01E2	0x29E9      	GOTO       ALTB32
;__Lib_MathDouble.c,845 :: 		
0x01E3	0x307E      	MOVLW      126
;__Lib_MathDouble.c,846 :: 		
0x01E4	0x0720      	ADDWF      __math_tempbD, 0
;__Lib_MathDouble.c,847 :: 		
0x01E5	0x07F3      	ADDWF      R3, 1
;__Lib_MathDouble.c,848 :: 		
0x01E6	0x1803      	BTFSC      STATUS, 0
;__Lib_MathDouble.c,849 :: 		
0x01E7	0x2A49      	GOTO       JPDSETFOV32
;__Lib_MathDouble.c,850 :: 		
0x01E8	0x29EE      	GOTO       DARGOK32
;__Lib_MathDouble.c,851 :: 		
ALTB32:
;__Lib_MathDouble.c,852 :: 		
0x01E9	0x307E      	MOVLW      126
;__Lib_MathDouble.c,853 :: 		
0x01EA	0x0720      	ADDWF      __math_tempbD, 0
;__Lib_MathDouble.c,854 :: 		
0x01EB	0x07F3      	ADDWF      R3, 1
;__Lib_MathDouble.c,855 :: 		
0x01EC	0x1C03      	BTFSS      STATUS, 0
;__Lib_MathDouble.c,856 :: 		
0x01ED	0x2A4C      	GOTO       JPDSETFUN32
;__Lib_MathDouble.c,857 :: 		
DARGOK32:
;__Lib_MathDouble.c,858 :: 		
0x01EE	0x3018      	MOVLW      24
;__Lib_MathDouble.c,860 :: 		
0x01EF	0x07FA      	ADDWF      R10, 1
;__Lib_MathDouble.c,861 :: 		
DLOOP32:
;__Lib_MathDouble.c,862 :: 		
0x01F0	0x0DFD      	RLF        R13, 1
;__Lib_MathDouble.c,863 :: 		
0x01F1	0x0DFC      	RLF        R12, 1
;__Lib_MathDouble.c,864 :: 		
0x01F2	0x0DF8      	RLF        R8, 1
;__Lib_MathDouble.c,865 :: 		
0x01F3	0x0DF0      	RLF        R0, 1
;__Lib_MathDouble.c,866 :: 		
0x01F4	0x0DF1      	RLF        R1, 1
;__Lib_MathDouble.c,867 :: 		
0x01F5	0x0DF2      	RLF        R2, 1
;__Lib_MathDouble.c,868 :: 		
0x01F6	0x0DA0      	RLF        __math_tempbD, 1
;__Lib_MathDouble.c,870 :: 		
0x01F7	0x0874      	MOVF       R4, 0
;__Lib_MathDouble.c,871 :: 		
0x01F8	0x02F0      	SUBWF      R0, 1
;__Lib_MathDouble.c,872 :: 		
0x01F9	0x0875      	MOVF       R5, 0
;__Lib_MathDouble.c,873 :: 		
0x01FA	0x1C03      	BTFSS      STATUS, 0
;__Lib_MathDouble.c,874 :: 		
0x01FB	0x0F75      	INCFSZ     R5, 0
;__Lib_MathDouble.c,876 :: 		
0x01FC	0x02F1      	SUBWF      R1, 1
;__Lib_MathDouble.c,877 :: 		
0x01FD	0x0876      	MOVF       R6, 0
;__Lib_MathDouble.c,878 :: 		
0x01FE	0x1C03      	BTFSS      STATUS, 0
;__Lib_MathDouble.c,879 :: 		
0x01FF	0x0F76      	INCFSZ     R6, 0
;__Lib_MathDouble.c,881 :: 		
0x0200	0x02F2      	SUBWF      R2, 1
;__Lib_MathDouble.c,882 :: 		
0x0201	0x0D76      	RLF        R6, 0
;__Lib_MathDouble.c,883 :: 		
0x0202	0x04A0      	IORWF      __math_tempbD, 1
;__Lib_MathDouble.c,884 :: 		
0x0203	0x1C20      	BTFSS      __math_tempbD, 0
;__Lib_MathDouble.c,885 :: 		
0x0204	0x2A07      	GOTO       DREST32
;__Lib_MathDouble.c,886 :: 		
0x0205	0x147D      	BSF        R13, 0
;__Lib_MathDouble.c,887 :: 		
0x0206	0x2A12      	GOTO       DOK32
;__Lib_MathDouble.c,888 :: 		
DREST32:
;__Lib_MathDouble.c,889 :: 		
0x0207	0x0874      	MOVF       R4, 0
;__Lib_MathDouble.c,890 :: 		
0x0208	0x07F0      	ADDWF      R0, 1
;__Lib_MathDouble.c,891 :: 		
0x0209	0x0875      	MOVF       R5, 0
;__Lib_MathDouble.c,892 :: 		
0x020A	0x1803      	BTFSC      STATUS, 0
;__Lib_MathDouble.c,893 :: 		
0x020B	0x0F75      	INCFSZ     R5, 0
;__Lib_MathDouble.c,895 :: 		
0x020C	0x07F1      	ADDWF      R1, 1
;__Lib_MathDouble.c,896 :: 		
0x020D	0x0876      	MOVF       R6, 0
;__Lib_MathDouble.c,897 :: 		
0x020E	0x1803      	BTFSC      STATUS, 0
;__Lib_MathDouble.c,898 :: 		
0x020F	0x0A76      	INCF       R6, 0
;__Lib_MathDouble.c,899 :: 		
0x0210	0x07F2      	ADDWF      R2, 1
;__Lib_MathDouble.c,900 :: 		
0x0211	0x107D      	BCF        R13, 0
;__Lib_MathDouble.c,901 :: 		
DOK32:
;__Lib_MathDouble.c,903 :: 		
0x0212	0x03FA      	DECF       R10, 1
;__Lib_MathDouble.c,904 :: 		
0x0213	0x301F      	MOVLW      31
;__Lib_MathDouble.c,905 :: 		
0x0214	0x057A      	ANDWF      R10, 0
;__Lib_MathDouble.c,906 :: 		
0x0215	0x1D03      	BTFSS      STATUS, 2
;__Lib_MathDouble.c,907 :: 		
0x0216	0x29F0      	GOTO       DLOOP32
;__Lib_MathDouble.c,909 :: 		
0x0217	0x1B7B      	BTFSC      R11, 6
;__Lib_MathDouble.c,910 :: 		
0x0218	0x1C7D      	BTFSS      R13, 0
;__Lib_MathDouble.c,911 :: 		
0x0219	0x2A39      	GOTO       DIV32OK
;__Lib_MathDouble.c,912 :: 		
0x021A	0x1003      	BCF        STATUS, 0
;__Lib_MathDouble.c,913 :: 		
0x021B	0x0DF0      	RLF        R0, 1
;__Lib_MathDouble.c,914 :: 		
0x021C	0x0DF1      	RLF        R1, 1
;__Lib_MathDouble.c,915 :: 		
0x021D	0x0DF2      	RLF        R2, 1
;__Lib_MathDouble.c,916 :: 		
0x021E	0x0DA0      	RLF        __math_tempbD, 1
;__Lib_MathDouble.c,918 :: 		
0x021F	0x0874      	MOVF       R4, 0
;__Lib_MathDouble.c,919 :: 		
0x0220	0x02F0      	SUBWF      R0, 1
;__Lib_MathDouble.c,920 :: 		
0x0221	0x0875      	MOVF       R5, 0
;__Lib_MathDouble.c,921 :: 		
0x0222	0x1C03      	BTFSS      STATUS, 0
;__Lib_MathDouble.c,922 :: 		
0x0223	0x0F75      	INCFSZ     R5, 0
;__Lib_MathDouble.c,923 :: 		
0x0224	0x02F1      	SUBWF      R1, 1
;__Lib_MathDouble.c,924 :: 		
0x0225	0x0876      	MOVF       R6, 0
;__Lib_MathDouble.c,925 :: 		
0x0226	0x1C03      	BTFSS      STATUS, 0
;__Lib_MathDouble.c,926 :: 		
0x0227	0x0F76      	INCFSZ     R6, 0
;__Lib_MathDouble.c,927 :: 		
0x0228	0x02F2      	SUBWF      R2, 1
;__Lib_MathDouble.c,928 :: 		
0x0229	0x0D76      	RLF        R6, 0
;__Lib_MathDouble.c,929 :: 		
0x022A	0x0420      	IORWF      __math_tempbD, 0
;__Lib_MathDouble.c,930 :: 		
0x022B	0x3901      	ANDLW      1
;__Lib_MathDouble.c,931 :: 		
0x022C	0x07FD      	ADDWF      R13, 1
;__Lib_MathDouble.c,932 :: 		
0x022D	0x1803      	BTFSC      STATUS, 0
;__Lib_MathDouble.c,933 :: 		
0x022E	0x0AFC      	INCF       R12, 1
;__Lib_MathDouble.c,934 :: 		
0x022F	0x1903      	BTFSC      STATUS, 2
;__Lib_MathDouble.c,935 :: 		
0x0230	0x0AF8      	INCF       R8, 1
;__Lib_MathDouble.c,936 :: 		
0x0231	0x1D03      	BTFSS      STATUS, 2
;__Lib_MathDouble.c,937 :: 		
0x0232	0x2A39      	GOTO       DIV32OK
;__Lib_MathDouble.c,938 :: 		
0x0233	0x0CF8      	RRF        R8, 1
;__Lib_MathDouble.c,939 :: 		
0x0234	0x0CFC      	RRF        R12, 1
;__Lib_MathDouble.c,940 :: 		
0x0235	0x0CFD      	RRF        R13, 1
;__Lib_MathDouble.c,941 :: 		
0x0236	0x0AF3      	INCF       R3, 1
;__Lib_MathDouble.c,942 :: 		
0x0237	0x1903      	BTFSC      STATUS, 2
;__Lib_MathDouble.c,943 :: 		
0x0238	0x2A49      	GOTO       JPDSETFOV32
;__Lib_MathDouble.c,944 :: 		
DIV32OK:
;__Lib_MathDouble.c,945 :: 		
0x0239	0x1FFA      	BTFSS      R10, 7
;__Lib_MathDouble.c,946 :: 		
0x023A	0x13F8      	BCF        R8, 7
;__Lib_MathDouble.c,947 :: 		
0x023B	0x0878      	MOVF       R8, 0
;__Lib_MathDouble.c,948 :: 		
0x023C	0x00F2      	MOVWF      R2
;__Lib_MathDouble.c,949 :: 		
0x023D	0x087C      	MOVF       R12, 0
;__Lib_MathDouble.c,950 :: 		
0x023E	0x00F1      	MOVWF      R1
;__Lib_MathDouble.c,951 :: 		
0x023F	0x087D      	MOVF       R13, 0
;__Lib_MathDouble.c,952 :: 		
0x0240	0x00F0      	MOVWF      R0
;__Lib_MathDouble.c,954 :: 		
0x0241	0x3000      	MOVLW      0
;__Lib_MathDouble.c,956 :: 		
0x0242	0x2A4E      	GOTO       DIV32EEE
;__Lib_MathDouble.c,957 :: 		
JPDSETFDZ32:
;__Lib_MathDouble.c,958 :: 		
0x0243	0x3001      	MOVLW      1
;__Lib_MathDouble.c,961 :: 		
0x0244	0x213C      	CALL       _SETFDZ32
;__Lib_MathDouble.c,963 :: 		
0x0245	0x2A4E      	GOTO       DIV32EEE
;__Lib_MathDouble.c,964 :: 		
JPDRES032:
;__Lib_MathDouble.c,965 :: 		
0x0246	0x3002      	MOVLW      2
;__Lib_MathDouble.c,968 :: 		
0x0247	0x20A6      	CALL       _RES032
;__Lib_MathDouble.c,970 :: 		
0x0248	0x2A4E      	GOTO       DIV32EEE
;__Lib_MathDouble.c,971 :: 		
JPDSETFOV32:
;__Lib_MathDouble.c,972 :: 		
0x0249	0x3004      	MOVLW      4
;__Lib_MathDouble.c,975 :: 		
0x024A	0x20AD      	CALL       _SETFOV32
;__Lib_MathDouble.c,977 :: 		
0x024B	0x2A4E      	GOTO       DIV32EEE
;__Lib_MathDouble.c,978 :: 		
JPDSETFUN32:
;__Lib_MathDouble.c,979 :: 		
0x024C	0x3008      	MOVLW      8
;__Lib_MathDouble.c,982 :: 		
0x024D	0x209A      	CALL       _SETFUN32
;__Lib_MathDouble.c,984 :: 		
DIV32EEE:
;__Lib_MathDouble.c,985 :: 		
0x024E	0x0000      	NOP
;__Lib_MathDouble.c,994 :: 		
L_end_Div_32x32_FP:
0x024F	0x0008      	RETURN
; end of _Div_32x32_FP
_ADC_Read:
;__Lib_ADC_A_C.c,68 :: 		
;__Lib_ADC_A_C.c,70 :: 		
0x0250	0x1283      	BCF        STATUS, 5
0x0251	0x1303      	BCF        STATUS, 6
0x0252	0x019F      	CLRF       ADCON0
;__Lib_ADC_A_C.c,71 :: 		
0x0253	0x30C0      	MOVLW      192
0x0254	0x049F      	IORWF      ADCON0, 1
;__Lib_ADC_A_C.c,72 :: 		
0x0255	0x0942      	COMF       _vref_mask, 0
0x0256	0x00F0      	MOVWF      R0
0x0257	0x0870      	MOVF       R0, 0
0x0258	0x1683      	BSF        STATUS, 5
0x0259	0x059F      	ANDWF      ADCON1, 1
;__Lib_ADC_A_C.c,73 :: 		
0x025A	0x171F      	BSF        ADCON1, 6
;__Lib_ADC_A_C.c,74 :: 		
0x025B	0x179F      	BSF        ADCON1, 7
;__Lib_ADC_A_C.c,75 :: 		
0x025C	0x1283      	BCF        STATUS, 5
0x025D	0x085D      	MOVF       FARG_ADC_Read_channel, 0
0x025E	0x00F0      	MOVWF      R0
0x025F	0x0DF0      	RLF        R0, 1
0x0260	0x1070      	BCF        R0, 0
0x0261	0x0DF0      	RLF        R0, 1
0x0262	0x1070      	BCF        R0, 0
0x0263	0x0DF0      	RLF        R0, 1
0x0264	0x1070      	BCF        R0, 0
0x0265	0x0870      	MOVF       R0, 0
0x0266	0x049F      	IORWF      ADCON0, 1
;__Lib_ADC_A_C.c,78 :: 		
0x0267	0x141F      	BSF        ADCON0, 0
;__Lib_ADC_A_C.c,81 :: 		
0x0268	0x20E5      	CALL       _Delay_22us
;__Lib_ADC_A_C.c,84 :: 		
0x0269	0x151F      	BSF        ADCON0, 2
;__Lib_ADC_A_C.c,87 :: 		
L_ADC_Read2:
0x026A	0x1D1F      	BTFSS      ADCON0, 2
0x026B	0x2A6E      	GOTO       L_ADC_Read3
;__Lib_ADC_A_C.c,88 :: 		
0x026C	0x0000      	NOP
0x026D	0x2A6A      	GOTO       L_ADC_Read2
L_ADC_Read3:
;__Lib_ADC_A_C.c,91 :: 		
0x026E	0x101F      	BCF        ADCON0, 0
;__Lib_ADC_A_C.c,94 :: 		
0x026F	0x081E      	MOVF       ADRESH, 0
0x0270	0x00F1      	MOVWF      R0+1
0x0271	0x01F0      	CLRF       R0
0x0272	0x1683      	BSF        STATUS, 5
0x0273	0x081E      	MOVF       ADRESL, 0
0x0274	0x04F0      	IORWF      R0, 1
0x0275	0x3000      	MOVLW      0
0x0276	0x04F1      	IORWF      R0+1, 1
;__Lib_ADC_A_C.c,95 :: 		
L_end_ADC_Read:
0x0277	0x0008      	RETURN
; end of _ADC_Read
_double2int:
;__Lib_MathDouble.c,1391 :: 		
;__Lib_MathDouble.c,1399 :: 		
0x0278	0x1283      	BCF        STATUS, 5
;__Lib_MathDouble.c,1400 :: 		
0x0279	0x1303      	BCF        STATUS, 6
;__Lib_MathDouble.c,1402 :: 		
0x027A	0x01FB      	CLRF       R11
;__Lib_MathDouble.c,1403 :: 		
0x027B	0x0873      	MOVF       R3, 0
;__Lib_MathDouble.c,1404 :: 		
0x027C	0x1903      	BTFSC      STATUS, 2
;__Lib_MathDouble.c,1405 :: 		
0x027D	0x2AB5      	GOTO       IRES016
;__Lib_MathDouble.c,1407 :: 		
0x027E	0x0872      	MOVF       R2, 0
;__Lib_MathDouble.c,1408 :: 		
0x027F	0x00FA      	MOVWF      R10
;__Lib_MathDouble.c,1409 :: 		
0x0280	0x17F2      	BSF        R2, 7
;__Lib_MathDouble.c,1411 :: 		
0x0281	0x308E      	MOVLW      142
;__Lib_MathDouble.c,1412 :: 		
0x0282	0x02F3      	SUBWF      R3, 1
;__Lib_MathDouble.c,1413 :: 		
0x0283	0x1FF3      	BTFSS      R3, 7
;__Lib_MathDouble.c,1414 :: 		
0x0284	0x2AB8      	GOTO       SETIOV16
;__Lib_MathDouble.c,1415 :: 		
0x0285	0x09F3      	COMF       R3, 1
;__Lib_MathDouble.c,1416 :: 		
0x0286	0x0AF3      	INCF       R3, 1
;__Lib_MathDouble.c,1418 :: 		
0x0287	0x3008      	MOVLW      8
;__Lib_MathDouble.c,1419 :: 		
0x0288	0x0273      	SUBWF      R3, 0
;__Lib_MathDouble.c,1420 :: 		
0x0289	0x1C03      	BTFSS      STATUS, 0
;__Lib_MathDouble.c,1421 :: 		
0x028A	0x2A9B      	GOTO       TSHIFT3216
;__Lib_MathDouble.c,1422 :: 		
0x028B	0x00F3      	MOVWF      R3
;__Lib_MathDouble.c,1423 :: 		
0x028C	0x0DF1      	RLF        R1, 1
;__Lib_MathDouble.c,1424 :: 		
0x028D	0x0872      	MOVF       R2, 0
;__Lib_MathDouble.c,1425 :: 		
0x028E	0x00F1      	MOVWF      R1
;__Lib_MathDouble.c,1426 :: 		
0x028F	0x01F2      	CLRF       R2
;__Lib_MathDouble.c,1428 :: 		
0x0290	0x3008      	MOVLW      8
;__Lib_MathDouble.c,1429 :: 		
0x0291	0x0273      	SUBWF      R3, 0
;__Lib_MathDouble.c,1430 :: 		
0x0292	0x1C03      	BTFSS      STATUS, 0
;__Lib_MathDouble.c,1431 :: 		
0x0293	0x2A9B      	GOTO       TSHIFT3216
;__Lib_MathDouble.c,1432 :: 		
0x0294	0x00F3      	MOVWF      R3
;__Lib_MathDouble.c,1433 :: 		
0x0295	0x0DF1      	RLF        R1, 1
;__Lib_MathDouble.c,1434 :: 		
0x0296	0x01F1      	CLRF       R1
;__Lib_MathDouble.c,1436 :: 		
0x0297	0x0873      	MOVF       R3, 0
;__Lib_MathDouble.c,1437 :: 		
0x0298	0x1D03      	BTFSS      STATUS, 2
;__Lib_MathDouble.c,1438 :: 		
0x0299	0x1003      	BCF        STATUS, 0
;__Lib_MathDouble.c,1439 :: 		
0x029A	0x2AA3      	GOTO       SHIFT3216OK
;__Lib_MathDouble.c,1440 :: 		
TSHIFT3216:
;__Lib_MathDouble.c,1441 :: 		
0x029B	0x0873      	MOVF       R3, 0
;__Lib_MathDouble.c,1442 :: 		
0x029C	0x1903      	BTFSC      STATUS, 2
;__Lib_MathDouble.c,1443 :: 		
0x029D	0x2AA3      	GOTO       SHIFT3216OK
;__Lib_MathDouble.c,1444 :: 		
SHIFT3216:
;__Lib_MathDouble.c,1445 :: 		
0x029E	0x1003      	BCF        STATUS, 0
;__Lib_MathDouble.c,1446 :: 		
0x029F	0x0CF2      	RRF        R2, 1
;__Lib_MathDouble.c,1447 :: 		
0x02A0	0x0CF1      	RRF        R1, 1
;__Lib_MathDouble.c,1448 :: 		
0x02A1	0x0BF3      	DECFSZ     R3, 1
;__Lib_MathDouble.c,1449 :: 		
0x02A2	0x2A9E      	GOTO       SHIFT3216
;__Lib_MathDouble.c,1450 :: 		
SHIFT3216OK:
;__Lib_MathDouble.c,1451 :: 		
0x02A3	0x1B7B      	BTFSC      R11, 6
;__Lib_MathDouble.c,1452 :: 		
0x02A4	0x1C71      	BTFSS      R1, 0
;__Lib_MathDouble.c,1453 :: 		
0x02A5	0x2AAD      	GOTO       INT3216OK
;__Lib_MathDouble.c,1454 :: 		
0x02A6	0x1C03      	BTFSS      STATUS, 0
;__Lib_MathDouble.c,1455 :: 		
0x02A7	0x2AAD      	GOTO       INT3216OK
;__Lib_MathDouble.c,1456 :: 		
0x02A8	0x0AF1      	INCF       R1, 1
;__Lib_MathDouble.c,1457 :: 		
0x02A9	0x1903      	BTFSC      STATUS, 2
;__Lib_MathDouble.c,1458 :: 		
0x02AA	0x0AF2      	INCF       R2, 1
;__Lib_MathDouble.c,1459 :: 		
0x02AB	0x1BF2      	BTFSC      R2, 7
;__Lib_MathDouble.c,1460 :: 		
0x02AC	0x2AC4      	GOTO       JPJSETIOV3224
;__Lib_MathDouble.c,1461 :: 		
INT3216OK:
;__Lib_MathDouble.c,1462 :: 		
0x02AD	0x1FFA      	BTFSS      R10, 7
;__Lib_MathDouble.c,1463 :: 		
0x02AE	0x2AC7      	GOTO       INT3216EOK
;__Lib_MathDouble.c,1465 :: 		
0x02AF	0x09F2      	COMF       R2, 1
;__Lib_MathDouble.c,1466 :: 		
0x02B0	0x09F1      	COMF       R1, 1
;__Lib_MathDouble.c,1467 :: 		
0x02B1	0x0AF1      	INCF       R1, 1
;__Lib_MathDouble.c,1468 :: 		
0x02B2	0x1903      	BTFSC      STATUS, 2
;__Lib_MathDouble.c,1469 :: 		
0x02B3	0x0AF2      	INCF       R2, 1
;__Lib_MathDouble.c,1470 :: 		
0x02B4	0x2AC7      	GOTO       INT3216EOK
;__Lib_MathDouble.c,1472 :: 		
IRES016:
;__Lib_MathDouble.c,1473 :: 		
0x02B5	0x01F2      	CLRF       R2
;__Lib_MathDouble.c,1474 :: 		
0x02B6	0x01F1      	CLRF       R1
;__Lib_MathDouble.c,1475 :: 		
0x02B7	0x2AC7      	GOTO       INT3216EOK
;__Lib_MathDouble.c,1476 :: 		
SETIOV16:
;__Lib_MathDouble.c,1477 :: 		
0x02B8	0x147B      	BSF        R11, 0
;__Lib_MathDouble.c,1478 :: 		
0x02B9	0x1FFB      	BTFSS      R11, 7
;__Lib_MathDouble.c,1479 :: 		
0x02BA	0x2ACA      	GOTO       INT3216EER
;__Lib_MathDouble.c,1481 :: 		
0x02BB	0x01F2      	CLRF       R2
;__Lib_MathDouble.c,1482 :: 		
0x02BC	0x1FFA      	BTFSS      R10, 7
;__Lib_MathDouble.c,1483 :: 		
0x02BD	0x2ACA      	GOTO       INT3216EER
;__Lib_MathDouble.c,1484 :: 		
0x02BE	0x30FF      	MOVLW      255
;__Lib_MathDouble.c,1485 :: 		
0x02BF	0x00F2      	MOVWF      R2
;__Lib_MathDouble.c,1486 :: 		
0x02C0	0x00F1      	MOVWF      R1
;__Lib_MathDouble.c,1487 :: 		
0x02C1	0x0DFA      	RLF        R10, 1
;__Lib_MathDouble.c,1488 :: 		
0x02C2	0x0CF2      	RRF        R2, 1
;__Lib_MathDouble.c,1489 :: 		
0x02C3	0x2ACA      	GOTO       INT3216EER
;__Lib_MathDouble.c,1491 :: 		
JPJSETIOV3224:
;__Lib_MathDouble.c,1492 :: 		
0x02C4	0x3001      	MOVLW      1
;__Lib_MathDouble.c,1493 :: 		
0x02C5	0x00FC      	MOVWF      R12
;__Lib_MathDouble.c,1494 :: 		
0x02C6	0x2ACC      	GOTO       INT3216EEE
;__Lib_MathDouble.c,1495 :: 		
INT3216EOK:
;__Lib_MathDouble.c,1496 :: 		
0x02C7	0x3000      	MOVLW      0
;__Lib_MathDouble.c,1497 :: 		
0x02C8	0x00FC      	MOVWF      R12
;__Lib_MathDouble.c,1498 :: 		
0x02C9	0x2ACC      	GOTO       INT3216EEE
;__Lib_MathDouble.c,1499 :: 		
INT3216EER:
;__Lib_MathDouble.c,1500 :: 		
0x02CA	0x30FF      	MOVLW      255
;__Lib_MathDouble.c,1501 :: 		
0x02CB	0x00FC      	MOVWF      R12
;__Lib_MathDouble.c,1502 :: 		
INT3216EEE:
;__Lib_MathDouble.c,1505 :: 		
0x02CC	0x08FC      	MOVF       R12, 1
;__Lib_MathDouble.c,1507 :: 		
0x02CD	0x1903      	BTFSC      STATUS, 2
;__Lib_MathDouble.c,1508 :: 		
0x02CE	0x2AD0      	GOTO       L_Double2Int_0
;__Lib_MathDouble.c,1510 :: 		
0x02CF	0x213F      	CALL       _SETIOV3224
;__Lib_MathDouble.c,1512 :: 		
L_Double2Int_0:
;__Lib_MathDouble.c,1513 :: 		
0x02D0	0x0871      	MOVF       R1, 0
;__Lib_MathDouble.c,1514 :: 		
0x02D1	0x00F0      	MOVWF      R0
;__Lib_MathDouble.c,1515 :: 		
0x02D2	0x0872      	MOVF       R2, 0
;__Lib_MathDouble.c,1516 :: 		
0x02D3	0x00F1      	MOVWF      R1
;__Lib_MathDouble.c,1520 :: 		
L_end_double2int:
0x02D4	0x0008      	RETURN
; end of _double2int
_Div_16x16_S:
;__Lib_Math.c,480 :: 		
;__Lib_Math.c,488 :: 		
0x02D5	0x1283      	BCF        STATUS, 5
0x02D6	0x1303      	BCF        STATUS, 6
0x02D7	0x0874      	MOVF       R4, 0
0x02D8	0x3A00      	XORLW      0
0x02D9	0x1D03      	BTFSS      STATUS, 2
0x02DA	0x2AE4      	GOTO       L_Div_16x16_S0
;__Lib_Math.c,489 :: 		
0x02DB	0x0875      	MOVF       R5, 0
0x02DC	0x3A00      	XORLW      0
0x02DD	0x1D03      	BTFSS      STATUS, 2
0x02DE	0x2AE4      	GOTO       L_Div_16x16_S1
;__Lib_Math.c,490 :: 		
0x02DF	0x30FF      	MOVLW      255
0x02E0	0x00F0      	MOVWF      R0
;__Lib_Math.c,491 :: 		
0x02E1	0x307F      	MOVLW      127
0x02E2	0x00F1      	MOVWF      R1
;__Lib_Math.c,492 :: 		
0x02E3	0x2B3D      	GOTO       L_end_Div_16x16_S
;__Lib_Math.c,493 :: 		
L_Div_16x16_S1:
L_Div_16x16_S0:
;__Lib_Math.c,496 :: 		
0x02E4	0x1283      	BCF        STATUS, 5
;__Lib_Math.c,497 :: 		
0x02E5	0x1303      	BCF        STATUS, 6
;__Lib_Math.c,498 :: 		
0x02E6	0x01FD      	CLRF       R13
;__Lib_Math.c,499 :: 		
0x02E7	0x01F9      	CLRF       R9
;__Lib_Math.c,500 :: 		
0x02E8	0x01F8      	CLRF       R8
;__Lib_Math.c,501 :: 		
0x02E9	0x0871      	MOVF       R1, 0
;__Lib_Math.c,502 :: 		
0x02EA	0x0470      	IORWF      R0, 0
;__Lib_Math.c,503 :: 		
0x02EB	0x1903      	BTFSC      STATUS, 2
;__Lib_Math.c,504 :: 		
0x02EC	0x3400      	RETLW      0
;__Lib_Math.c,506 :: 		
0x02ED	0x0871      	MOVF       R1, 0
;__Lib_Math.c,507 :: 		
0x02EE	0x0675      	XORWF      R5, 0
;__Lib_Math.c,508 :: 		
0x02EF	0x00FA      	MOVWF      R10
;__Lib_Math.c,509 :: 		
0x02F0	0x1BFA      	BTFSC      R10, 7
;__Lib_Math.c,510 :: 		
0x02F1	0x09FD      	COMF       R13, 1
;__Lib_Math.c,512 :: 		
0x02F2	0x01FB      	CLRF       R11
;__Lib_Math.c,514 :: 		
0x02F3	0x1FF5      	BTFSS      R5, 7
;__Lib_Math.c,515 :: 		
0x02F4	0x2AFA      	GOTO       $+6
;__Lib_Math.c,517 :: 		
0x02F5	0x09F4      	COMF       R4, 1
;__Lib_Math.c,518 :: 		
0x02F6	0x09F5      	COMF       R5, 1
;__Lib_Math.c,519 :: 		
0x02F7	0x0AF4      	INCF       R4, 1
;__Lib_Math.c,520 :: 		
0x02F8	0x1903      	BTFSC      STATUS, 2
;__Lib_Math.c,521 :: 		
0x02F9	0x0AF5      	INCF       R5, 1
;__Lib_Math.c,523 :: 		
0x02FA	0x1FF1      	BTFSS      R1, 7
;__Lib_Math.c,524 :: 		
0x02FB	0x2B01      	GOTO       $+6
;__Lib_Math.c,526 :: 		
0x02FC	0x09F0      	COMF       R0, 1
;__Lib_Math.c,527 :: 		
0x02FD	0x09F1      	COMF       R1, 1
;__Lib_Math.c,528 :: 		
0x02FE	0x0AF0      	INCF       R0, 1
;__Lib_Math.c,529 :: 		
0x02FF	0x1903      	BTFSC      STATUS, 2
;__Lib_Math.c,530 :: 		
0x0300	0x0AF1      	INCF       R1, 1
;__Lib_Math.c,532 :: 		
0x0301	0x0871      	MOVF       R1, 0
;__Lib_Math.c,533 :: 		
0x0302	0x0475      	IORWF      R5, 0
;__Lib_Math.c,534 :: 		
0x0303	0x00FA      	MOVWF      R10
;__Lib_Math.c,535 :: 		
0x0304	0x1BFA      	BTFSC      R10, 7
;__Lib_Math.c,536 :: 		
0x0305	0x2B16      	GOTO       $+17
;__Lib_Math.c,538 :: 		
0x0306	0x20B9      	CALL       _Div_16x16_S_L
;__Lib_Math.c,540 :: 		
0x0307	0x187B      	BTFSC      R11, 0
;__Lib_Math.c,541 :: 		
0x0308	0x2B29      	GOTO       $+33
;__Lib_Math.c,543 :: 		
0x0309	0x1FFD      	BTFSS      R13, 7
;__Lib_Math.c,544 :: 		
0x030A	0x3400      	RETLW      0
;__Lib_Math.c,546 :: 		
0x030B	0x09F0      	COMF       R0, 1
;__Lib_Math.c,547 :: 		
0x030C	0x09F1      	COMF       R1, 1
;__Lib_Math.c,548 :: 		
0x030D	0x0AF0      	INCF       R0, 1
;__Lib_Math.c,549 :: 		
0x030E	0x1903      	BTFSC      STATUS, 2
;__Lib_Math.c,550 :: 		
0x030F	0x0AF1      	INCF       R1, 1
;__Lib_Math.c,552 :: 		
0x0310	0x09F8      	COMF       R8, 1
;__Lib_Math.c,553 :: 		
0x0311	0x09F9      	COMF       R9, 1
;__Lib_Math.c,554 :: 		
0x0312	0x0AF8      	INCF       R8, 1
;__Lib_Math.c,555 :: 		
0x0313	0x1903      	BTFSC      STATUS, 2
;__Lib_Math.c,556 :: 		
0x0314	0x0AF9      	INCF       R9, 1
;__Lib_Math.c,558 :: 		
0x0315	0x3400      	RETLW      0
;__Lib_Math.c,560 :: 		
0x0316	0x1FF5      	BTFSS      R5, 7
;__Lib_Math.c,561 :: 		
0x0317	0x2B25      	GOTO       $+14
;__Lib_Math.c,562 :: 		
0x0318	0x1BF1      	BTFSC      R1, 7
;__Lib_Math.c,563 :: 		
0x0319	0x2B21      	GOTO       $+8
;__Lib_Math.c,564 :: 		
0x031A	0x0871      	MOVF       R1, 0
;__Lib_Math.c,565 :: 		
0x031B	0x00F9      	MOVWF      R9
;__Lib_Math.c,566 :: 		
0x031C	0x0870      	MOVF       R0, 0
;__Lib_Math.c,567 :: 		
0x031D	0x00F8      	MOVWF      R8
;__Lib_Math.c,568 :: 		
0x031E	0x01F1      	CLRF       R1
;__Lib_Math.c,569 :: 		
0x031F	0x01F0      	CLRF       R0
;__Lib_Math.c,570 :: 		
0x0320	0x2B09      	GOTO       $-23
;__Lib_Math.c,571 :: 		
0x0321	0x01F1      	CLRF       R1
;__Lib_Math.c,572 :: 		
0x0322	0x01F0      	CLRF       R0
;__Lib_Math.c,573 :: 		
0x0323	0x0AF0      	INCF       R0, 1
;__Lib_Math.c,574 :: 		
0x0324	0x3400      	RETLW      0
;__Lib_Math.c,576 :: 		
0x0325	0x09F1      	COMF       R1, 1
;__Lib_Math.c,577 :: 		
0x0326	0x09F0      	COMF       R0, 1
;__Lib_Math.c,578 :: 		
0x0327	0x0AFB      	INCF       R11, 1
;__Lib_Math.c,579 :: 		
0x0328	0x2B06      	GOTO       $-34
;__Lib_Math.c,581 :: 		
0x0329	0x0AF8      	INCF       R8, 1
;__Lib_Math.c,582 :: 		
0x032A	0x1903      	BTFSC      STATUS, 2
;__Lib_Math.c,583 :: 		
0x032B	0x0AF9      	INCF       R9, 1
;__Lib_Math.c,584 :: 		
0x032C	0x0874      	MOVF       R4, 0
;__Lib_Math.c,585 :: 		
0x032D	0x0278      	SUBWF      R8, 0
;__Lib_Math.c,586 :: 		
0x032E	0x1D03      	BTFSS      STATUS, 2
;__Lib_Math.c,587 :: 		
0x032F	0x2B09      	GOTO       $-38
;__Lib_Math.c,588 :: 		
0x0330	0x0875      	MOVF       R5, 0
;__Lib_Math.c,589 :: 		
0x0331	0x0279      	SUBWF      R9, 0
;__Lib_Math.c,590 :: 		
0x0332	0x1D03      	BTFSS      STATUS, 2
;__Lib_Math.c,591 :: 		
0x0333	0x2B09      	GOTO       $-42
;__Lib_Math.c,592 :: 		
0x0334	0x01F9      	CLRF       R9
;__Lib_Math.c,593 :: 		
0x0335	0x01F8      	CLRF       R8
;__Lib_Math.c,594 :: 		
0x0336	0x0AF0      	INCF       R0, 1
;__Lib_Math.c,595 :: 		
0x0337	0x1903      	BTFSC      STATUS, 2
;__Lib_Math.c,596 :: 		
0x0338	0x0AF1      	INCF       R1, 1
;__Lib_Math.c,597 :: 		
0x0339	0x1FF1      	BTFSS      R1, 7
;__Lib_Math.c,598 :: 		
0x033A	0x2B09      	GOTO       $-49
;__Lib_Math.c,599 :: 		
0x033B	0x0000      	NOP
;__Lib_Math.c,600 :: 		
0x033C	0x34FF      	RETLW      255
;__Lib_Math.c,602 :: 		
L_end_Div_16x16_S:
0x033D	0x0008      	RETURN
; end of _Div_16x16_S
_IntToStr:
;__Lib_Conversions.c,195 :: 		
;__Lib_Conversions.c,201 :: 		
0x033E	0x1283      	BCF        STATUS, 5
0x033F	0x1303      	BCF        STATUS, 6
0x0340	0x01E2      	CLRF       IntToStr_negative_L0
0x0341	0x01E3      	CLRF       IntToStr_negative_L0+1
;__Lib_Conversions.c,202 :: 		
0x0342	0x085D      	MOVF       FARG_IntToStr_input, 0
0x0343	0x00E4      	MOVWF      IntToStr_inword_L0
0x0344	0x085E      	MOVF       FARG_IntToStr_input+1, 0
0x0345	0x00E5      	MOVWF      IntToStr_inword_L0+1
;__Lib_Conversions.c,203 :: 		
0x0346	0x3080      	MOVLW      128
0x0347	0x065E      	XORWF      FARG_IntToStr_input+1, 0
0x0348	0x00F0      	MOVWF      R0
0x0349	0x3080      	MOVLW      128
0x034A	0x0270      	SUBWF      R0, 0
0x034B	0x1D03      	BTFSS      STATUS, 2
0x034C	0x2B4F      	GOTO       L__IntToStr387
0x034D	0x3000      	MOVLW      0
0x034E	0x025D      	SUBWF      FARG_IntToStr_input, 0
L__IntToStr387:
0x034F	0x1803      	BTFSC      STATUS, 0
0x0350	0x2B5D      	GOTO       L_IntToStr37
;__Lib_Conversions.c,204 :: 		
0x0351	0x3001      	MOVLW      1
0x0352	0x00E2      	MOVWF      IntToStr_negative_L0
0x0353	0x3000      	MOVLW      0
0x0354	0x00E3      	MOVWF      IntToStr_negative_L0+1
;__Lib_Conversions.c,205 :: 		
0x0355	0x085D      	MOVF       FARG_IntToStr_input, 0
0x0356	0x3C00      	SUBLW      0
0x0357	0x00E4      	MOVWF      IntToStr_inword_L0
0x0358	0x085E      	MOVF       FARG_IntToStr_input+1, 0
0x0359	0x1C03      	BTFSS      STATUS, 0
0x035A	0x3E01      	ADDLW      1
0x035B	0x01E5      	CLRF       IntToStr_inword_L0+1
0x035C	0x02E5      	SUBWF      IntToStr_inword_L0+1, 1
;__Lib_Conversions.c,206 :: 		
L_IntToStr37:
;__Lib_Conversions.c,207 :: 		
0x035D	0x0864      	MOVF       IntToStr_inword_L0, 0
0x035E	0x00E6      	MOVWF      FARG_WordToStr_input
0x035F	0x0865      	MOVF       IntToStr_inword_L0+1, 0
0x0360	0x00E7      	MOVWF      FARG_WordToStr_input+1
0x0361	0x085F      	MOVF       FARG_IntToStr_output, 0
0x0362	0x00E8      	MOVWF      FARG_WordToStr_output
0x0363	0x20F4      	CALL       _WordToStr
;__Lib_Conversions.c,209 :: 		
0x0364	0x3006      	MOVLW      6
0x0365	0x00E0      	MOVWF      IntToStr_i_L0
0x0366	0x3000      	MOVLW      0
0x0367	0x00E1      	MOVWF      IntToStr_i_L0+1
;__Lib_Conversions.c,210 :: 		
L_IntToStr38:
0x0368	0x0861      	MOVF       IntToStr_i_L0+1, 0
0x0369	0x3C00      	SUBLW      0
0x036A	0x1D03      	BTFSS      STATUS, 2
0x036B	0x2B6E      	GOTO       L__IntToStr388
0x036C	0x0860      	MOVF       IntToStr_i_L0, 0
0x036D	0x3C00      	SUBLW      0
L__IntToStr388:
0x036E	0x1803      	BTFSC      STATUS, 0
0x036F	0x2B89      	GOTO       L_IntToStr39
;__Lib_Conversions.c,211 :: 		
0x0370	0x0860      	MOVF       IntToStr_i_L0, 0
0x0371	0x075F      	ADDWF      FARG_IntToStr_output, 0
0x0372	0x00F2      	MOVWF      R2
0x0373	0x3001      	MOVLW      1
0x0374	0x0260      	SUBWF      IntToStr_i_L0, 0
0x0375	0x00F0      	MOVWF      R0
0x0376	0x3000      	MOVLW      0
0x0377	0x1C03      	BTFSS      STATUS, 0
0x0378	0x3E01      	ADDLW      1
0x0379	0x0261      	SUBWF      IntToStr_i_L0+1, 0
0x037A	0x00F1      	MOVWF      R0+1
0x037B	0x0870      	MOVF       R0, 0
0x037C	0x075F      	ADDWF      FARG_IntToStr_output, 0
0x037D	0x0084      	MOVWF      FSR
0x037E	0x0800      	MOVF       INDF, 0
0x037F	0x00F0      	MOVWF      R0
0x0380	0x0872      	MOVF       R2, 0
0x0381	0x0084      	MOVWF      FSR
0x0382	0x0870      	MOVF       R0, 0
0x0383	0x0080      	MOVWF      INDF
;__Lib_Conversions.c,212 :: 		
0x0384	0x3001      	MOVLW      1
0x0385	0x02E0      	SUBWF      IntToStr_i_L0, 1
0x0386	0x1C03      	BTFSS      STATUS, 0
0x0387	0x03E1      	DECF       IntToStr_i_L0+1, 1
;__Lib_Conversions.c,213 :: 		
0x0388	0x2B68      	GOTO       L_IntToStr38
L_IntToStr39:
;__Lib_Conversions.c,214 :: 		
0x0389	0x085F      	MOVF       FARG_IntToStr_output, 0
0x038A	0x0084      	MOVWF      FSR
0x038B	0x3020      	MOVLW      32
0x038C	0x0080      	MOVWF      INDF
;__Lib_Conversions.c,215 :: 		
0x038D	0x0862      	MOVF       IntToStr_negative_L0, 0
0x038E	0x0463      	IORWF      IntToStr_negative_L0+1, 0
0x038F	0x1903      	BTFSC      STATUS, 2
0x0390	0x2BA7      	GOTO       L_IntToStr40
;__Lib_Conversions.c,216 :: 		
0x0391	0x01E0      	CLRF       IntToStr_i_L0
0x0392	0x01E1      	CLRF       IntToStr_i_L0+1
;__Lib_Conversions.c,217 :: 		
L_IntToStr41:
0x0393	0x0860      	MOVF       IntToStr_i_L0, 0
0x0394	0x075F      	ADDWF      FARG_IntToStr_output, 0
0x0395	0x0084      	MOVWF      FSR
0x0396	0x0800      	MOVF       INDF, 0
0x0397	0x3A20      	XORLW      32
0x0398	0x1D03      	BTFSS      STATUS, 2
0x0399	0x2B9E      	GOTO       L_IntToStr42
0x039A	0x0AE0      	INCF       IntToStr_i_L0, 1
0x039B	0x1903      	BTFSC      STATUS, 2
0x039C	0x0AE1      	INCF       IntToStr_i_L0+1, 1
0x039D	0x2B93      	GOTO       L_IntToStr41
L_IntToStr42:
;__Lib_Conversions.c,218 :: 		
0x039E	0x3001      	MOVLW      1
0x039F	0x02E0      	SUBWF      IntToStr_i_L0, 1
0x03A0	0x1C03      	BTFSS      STATUS, 0
0x03A1	0x03E1      	DECF       IntToStr_i_L0+1, 1
;__Lib_Conversions.c,219 :: 		
0x03A2	0x0860      	MOVF       IntToStr_i_L0, 0
0x03A3	0x075F      	ADDWF      FARG_IntToStr_output, 0
0x03A4	0x0084      	MOVWF      FSR
0x03A5	0x302D      	MOVLW      45
0x03A6	0x0080      	MOVWF      INDF
L_IntToStr40:
;__Lib_Conversions.c,220 :: 		
L_end_IntToStr:
0x03A7	0x0008      	RETURN
; end of _IntToStr
_ADC_Init:
;__Lib_ADC_A_C.c,19 :: 		
;__Lib_ADC_A_C.c,20 :: 		
0x03A8	0x30FF      	MOVLW      _ADC_Get_Sample
0x03A9	0x1283      	BCF        STATUS, 5
0x03AA	0x1303      	BCF        STATUS, 6
0x03AB	0x00D6      	MOVWF      _ADC_Get_Sample_Ptr
0x03AC	0x30FF      	MOVLW      hi_addr(_ADC_Get_Sample)
0x03AD	0x00D7      	MOVWF      _ADC_Get_Sample_Ptr+1
0x03AE	0x30FF      	MOVLW      FARG_ADC_Get_Sample_channel
0x03AF	0x00D8      	MOVWF      _ADC_Get_Sample_Ptr+2
0x03B0	0x30FF      	MOVLW      hi_addr(FARG_ADC_Get_Sample_channel)
;__Lib_ADC_A_C.c,22 :: 		
0x03B1	0x019F      	CLRF       ADCON0
;__Lib_ADC_A_C.c,23 :: 		
0x03B2	0x30C0      	MOVLW      192
0x03B3	0x049F      	IORWF      ADCON0, 1
;__Lib_ADC_A_C.c,24 :: 		
0x03B4	0x0942      	COMF       _vref_mask, 0
0x03B5	0x00F0      	MOVWF      R0
0x03B6	0x0870      	MOVF       R0, 0
0x03B7	0x1683      	BSF        STATUS, 5
0x03B8	0x059F      	ANDWF      ADCON1, 1
;__Lib_ADC_A_C.c,25 :: 		
0x03B9	0x171F      	BSF        ADCON1, 6
;__Lib_ADC_A_C.c,26 :: 		
0x03BA	0x179F      	BSF        ADCON1, 7
;__Lib_ADC_A_C.c,29 :: 		
0x03BB	0x1283      	BCF        STATUS, 5
0x03BC	0x141F      	BSF        ADCON0, 0
;__Lib_ADC_A_C.c,30 :: 		
L_end_ADC_Init:
0x03BD	0x0008      	RETURN
; end of _ADC_Init
_Mul_32x32_FP:
;__Lib_MathDouble.c,610 :: 		
;__Lib_MathDouble.c,622 :: 		
;__Lib_MathDouble.c,624 :: 		
0x03BE	0x1283      	BCF        STATUS, 5
;__Lib_MathDouble.c,625 :: 		
0x03BF	0x1303      	BCF        STATUS, 6
;__Lib_MathDouble.c,627 :: 		
0x03C0	0x01FB      	CLRF       R11
;__Lib_MathDouble.c,628 :: 		
0x03C1	0x0873      	MOVF       R3, 0
;__Lib_MathDouble.c,629 :: 		
0x03C2	0x1D03      	BTFSS      STATUS, 2
;__Lib_MathDouble.c,630 :: 		
0x03C3	0x0877      	MOVF       R7, 0
;__Lib_MathDouble.c,631 :: 		
0x03C4	0x1903      	BTFSC      STATUS, 2
;__Lib_MathDouble.c,632 :: 		
0x03C5	0x2C15      	GOTO       JPMRES032
;__Lib_MathDouble.c,634 :: 		
0x03C6	0x0872      	MOVF       R2, 0
;__Lib_MathDouble.c,635 :: 		
0x03C7	0x0676      	XORWF      R6, 0
;__Lib_MathDouble.c,636 :: 		
0x03C8	0x00FA      	MOVWF      R10
;__Lib_MathDouble.c,637 :: 		
0x03C9	0x0877      	MOVF       R7, 0
;__Lib_MathDouble.c,638 :: 		
0x03CA	0x07F3      	ADDWF      R3, 1
;__Lib_MathDouble.c,639 :: 		
0x03CB	0x307E      	MOVLW      126
;__Lib_MathDouble.c,640 :: 		
0x03CC	0x1C03      	BTFSS      STATUS, 0
;__Lib_MathDouble.c,641 :: 		
0x03CD	0x2BD2      	GOTO       MTUN32
;__Lib_MathDouble.c,642 :: 		
0x03CE	0x02F3      	SUBWF      R3, 1
;__Lib_MathDouble.c,643 :: 		
0x03CF	0x1803      	BTFSC      STATUS, 0
;__Lib_MathDouble.c,644 :: 		
0x03D0	0x2C18      	GOTO       JPMSETFOV32
;__Lib_MathDouble.c,645 :: 		
0x03D1	0x2BD5      	GOTO       MOK32
;__Lib_MathDouble.c,646 :: 		
MTUN32:
;__Lib_MathDouble.c,647 :: 		
0x03D2	0x02F3      	SUBWF      R3, 1
;__Lib_MathDouble.c,648 :: 		
0x03D3	0x1C03      	BTFSS      STATUS, 0
;__Lib_MathDouble.c,649 :: 		
0x03D4	0x2C1B      	GOTO       JPMSETFUN32
;__Lib_MathDouble.c,650 :: 		
MOK32:
;__Lib_MathDouble.c,651 :: 		
0x03D5	0x0872      	MOVF       R2, 0
;__Lib_MathDouble.c,652 :: 		
0x03D6	0x00F8      	MOVWF      R8
;__Lib_MathDouble.c,653 :: 		
0x03D7	0x0871      	MOVF       R1, 0
;__Lib_MathDouble.c,654 :: 		
0x03D8	0x00FC      	MOVWF      R12
;__Lib_MathDouble.c,655 :: 		
0x03D9	0x0870      	MOVF       R0, 0
;__Lib_MathDouble.c,656 :: 		
0x03DA	0x00FD      	MOVWF      R13
;__Lib_MathDouble.c,657 :: 		
0x03DB	0x17F8      	BSF        R8, 7
;__Lib_MathDouble.c,658 :: 		
0x03DC	0x17F6      	BSF        R6, 7
;__Lib_MathDouble.c,659 :: 		
0x03DD	0x1003      	BCF        STATUS, 0
;__Lib_MathDouble.c,660 :: 		
0x03DE	0x01F2      	CLRF       R2
;__Lib_MathDouble.c,661 :: 		
0x03DF	0x01F1      	CLRF       R1
;__Lib_MathDouble.c,662 :: 		
0x03E0	0x01F0      	CLRF       R0
;__Lib_MathDouble.c,663 :: 		
0x03E1	0x3018      	MOVLW      24
;__Lib_MathDouble.c,664 :: 		
0x03E2	0x00A0      	MOVWF      __math_tempbD
;__Lib_MathDouble.c,665 :: 		
MLOOP32:
;__Lib_MathDouble.c,666 :: 		
0x03E3	0x1C7D      	BTFSS      R13, 0
;__Lib_MathDouble.c,667 :: 		
0x03E4	0x2BEF      	GOTO       MNOADD32
;__Lib_MathDouble.c,669 :: 		
0x03E5	0x0874      	MOVF       R4, 0
;__Lib_MathDouble.c,670 :: 		
0x03E6	0x07F0      	ADDWF      R0, 1
;__Lib_MathDouble.c,671 :: 		
0x03E7	0x0875      	MOVF       R5, 0
;__Lib_MathDouble.c,672 :: 		
0x03E8	0x1803      	BTFSC      STATUS, 0
;__Lib_MathDouble.c,673 :: 		
0x03E9	0x0F75      	INCFSZ     R5, 0
;__Lib_MathDouble.c,674 :: 		
0x03EA	0x07F1      	ADDWF      R1, 1
;__Lib_MathDouble.c,675 :: 		
0x03EB	0x0876      	MOVF       R6, 0
;__Lib_MathDouble.c,676 :: 		
0x03EC	0x1803      	BTFSC      STATUS, 0
;__Lib_MathDouble.c,677 :: 		
0x03ED	0x0F76      	INCFSZ     R6, 0
;__Lib_MathDouble.c,678 :: 		
0x03EE	0x07F2      	ADDWF      R2, 1
;__Lib_MathDouble.c,679 :: 		
MNOADD32:
;__Lib_MathDouble.c,680 :: 		
0x03EF	0x0CF2      	RRF        R2, 1
;__Lib_MathDouble.c,681 :: 		
0x03F0	0x0CF1      	RRF        R1, 1
;__Lib_MathDouble.c,682 :: 		
0x03F1	0x0CF0      	RRF        R0, 1
;__Lib_MathDouble.c,683 :: 		
0x03F2	0x0CF8      	RRF        R8, 1
;__Lib_MathDouble.c,684 :: 		
0x03F3	0x0CFC      	RRF        R12, 1
;__Lib_MathDouble.c,685 :: 		
0x03F4	0x0CFD      	RRF        R13, 1
;__Lib_MathDouble.c,686 :: 		
0x03F5	0x1003      	BCF        STATUS, 0
;__Lib_MathDouble.c,687 :: 		
0x03F6	0x0BA0      	DECFSZ     __math_tempbD, 1
;__Lib_MathDouble.c,688 :: 		
0x03F7	0x2BE3      	GOTO       MLOOP32
;__Lib_MathDouble.c,689 :: 		
0x03F8	0x1BF2      	BTFSC      R2, 7
;__Lib_MathDouble.c,690 :: 		
0x03F9	0x2BFF      	GOTO       MROUND32
;__Lib_MathDouble.c,691 :: 		
0x03FA	0x0DF8      	RLF        R8, 1
;__Lib_MathDouble.c,692 :: 		
0x03FB	0x0DF0      	RLF        R0, 1
;__Lib_MathDouble.c,693 :: 		
0x03FC	0x0DF1      	RLF        R1, 1
;__Lib_MathDouble.c,694 :: 		
0x03FD	0x0DF2      	RLF        R2, 1
;__Lib_MathDouble.c,695 :: 		
0x03FE	0x03F3      	DECF       R3, 1
;__Lib_MathDouble.c,696 :: 		
MROUND32:
;__Lib_MathDouble.c,697 :: 		
0x03FF	0x1B7B      	BTFSC      R11, 6
;__Lib_MathDouble.c,698 :: 		
0x0400	0x1C70      	BTFSS      R0, 0
;__Lib_MathDouble.c,699 :: 		
0x0401	0x2C11      	GOTO       MUL32OK
;__Lib_MathDouble.c,700 :: 		
0x0402	0x1FF8      	BTFSS      R8, 7
;__Lib_MathDouble.c,701 :: 		
0x0403	0x2C11      	GOTO       MUL32OK
;__Lib_MathDouble.c,702 :: 		
0x0404	0x0AF0      	INCF       R0, 1
;__Lib_MathDouble.c,703 :: 		
0x0405	0x1903      	BTFSC      STATUS, 2
;__Lib_MathDouble.c,704 :: 		
0x0406	0x0AF1      	INCF       R1, 1
;__Lib_MathDouble.c,705 :: 		
0x0407	0x1903      	BTFSC      STATUS, 2
;__Lib_MathDouble.c,706 :: 		
0x0408	0x0AF2      	INCF       R2, 1
;__Lib_MathDouble.c,707 :: 		
0x0409	0x1D03      	BTFSS      STATUS, 2
;__Lib_MathDouble.c,708 :: 		
0x040A	0x2C11      	GOTO       MUL32OK
;__Lib_MathDouble.c,709 :: 		
0x040B	0x0CF2      	RRF        R2, 1
;__Lib_MathDouble.c,710 :: 		
0x040C	0x0CF1      	RRF        R1, 1
;__Lib_MathDouble.c,711 :: 		
0x040D	0x0CF0      	RRF        R0, 1
;__Lib_MathDouble.c,712 :: 		
0x040E	0x0AF3      	INCF       R3, 1
;__Lib_MathDouble.c,713 :: 		
0x040F	0x1903      	BTFSC      STATUS, 2
;__Lib_MathDouble.c,714 :: 		
0x0410	0x2C18      	GOTO       JPMSETFOV32
;__Lib_MathDouble.c,715 :: 		
MUL32OK:
;__Lib_MathDouble.c,716 :: 		
0x0411	0x1FFA      	BTFSS      R10, 7
;__Lib_MathDouble.c,717 :: 		
0x0412	0x13F2      	BCF        R2, 7
;__Lib_MathDouble.c,718 :: 		
0x0413	0x3000      	MOVLW      0
;__Lib_MathDouble.c,720 :: 		
0x0414	0x2C1D      	GOTO       MUL32EEE
;__Lib_MathDouble.c,721 :: 		
JPMRES032:
;__Lib_MathDouble.c,722 :: 		
0x0415	0x3001      	MOVLW      1
;__Lib_MathDouble.c,725 :: 		
0x0416	0x20A6      	CALL       _RES032
;__Lib_MathDouble.c,727 :: 		
0x0417	0x2C1D      	GOTO       MUL32EEE
;__Lib_MathDouble.c,728 :: 		
JPMSETFOV32:
;__Lib_MathDouble.c,729 :: 		
0x0418	0x3002      	MOVLW      2
;__Lib_MathDouble.c,732 :: 		
0x0419	0x20AD      	CALL       _SETFOV32
;__Lib_MathDouble.c,734 :: 		
0x041A	0x2C1D      	GOTO       MUL32EEE
;__Lib_MathDouble.c,735 :: 		
JPMSETFUN32:
;__Lib_MathDouble.c,736 :: 		
0x041B	0x3004      	MOVLW      4
;__Lib_MathDouble.c,739 :: 		
0x041C	0x209A      	CALL       _SETFUN32
;__Lib_MathDouble.c,741 :: 		
MUL32EEE:
;__Lib_MathDouble.c,742 :: 		
0x041D	0x0000      	NOP
;__Lib_MathDouble.c,749 :: 		
L_end_Mul_32x32_FP:
0x041E	0x0008      	RETURN
; end of _Mul_32x32_FP
_Lcd_Out:
;__Lib_Lcd.c,184 :: 		
;__Lib_Lcd.c,187 :: 		
0x041F	0x2C31      	GOTO       L_Lcd_Out11
;__Lib_Lcd.c,188 :: 		
L_Lcd_Out13:
0x0420	0x3080      	MOVLW      128
0x0421	0x1283      	BCF        STATUS, 5
0x0422	0x1303      	BCF        STATUS, 6
0x0423	0x00DD      	MOVWF      FARG_Lcd_Out_row
0x0424	0x2C44      	GOTO       L_Lcd_Out12
;__Lib_Lcd.c,189 :: 		
L_Lcd_Out14:
0x0425	0x30C0      	MOVLW      192
0x0426	0x00DD      	MOVWF      FARG_Lcd_Out_row
0x0427	0x2C44      	GOTO       L_Lcd_Out12
;__Lib_Lcd.c,190 :: 		
L_Lcd_Out15:
0x0428	0x3094      	MOVLW      148
0x0429	0x00DD      	MOVWF      FARG_Lcd_Out_row
0x042A	0x2C44      	GOTO       L_Lcd_Out12
;__Lib_Lcd.c,191 :: 		
L_Lcd_Out16:
0x042B	0x30D4      	MOVLW      212
0x042C	0x00DD      	MOVWF      FARG_Lcd_Out_row
0x042D	0x2C44      	GOTO       L_Lcd_Out12
;__Lib_Lcd.c,192 :: 		
L_Lcd_Out17:
0x042E	0x3080      	MOVLW      128
0x042F	0x00DD      	MOVWF      FARG_Lcd_Out_row
;__Lib_Lcd.c,193 :: 		
0x0430	0x2C44      	GOTO       L_Lcd_Out12
L_Lcd_Out11:
0x0431	0x1283      	BCF        STATUS, 5
0x0432	0x1303      	BCF        STATUS, 6
0x0433	0x085D      	MOVF       FARG_Lcd_Out_row, 0
0x0434	0x3A01      	XORLW      1
0x0435	0x1903      	BTFSC      STATUS, 2
0x0436	0x2C20      	GOTO       L_Lcd_Out13
0x0437	0x085D      	MOVF       FARG_Lcd_Out_row, 0
0x0438	0x3A02      	XORLW      2
0x0439	0x1903      	BTFSC      STATUS, 2
0x043A	0x2C25      	GOTO       L_Lcd_Out14
0x043B	0x085D      	MOVF       FARG_Lcd_Out_row, 0
0x043C	0x3A03      	XORLW      3
0x043D	0x1903      	BTFSC      STATUS, 2
0x043E	0x2C28      	GOTO       L_Lcd_Out15
0x043F	0x085D      	MOVF       FARG_Lcd_Out_row, 0
0x0440	0x3A04      	XORLW      4
0x0441	0x1903      	BTFSC      STATUS, 2
0x0442	0x2C2B      	GOTO       L_Lcd_Out16
0x0443	0x2C2E      	GOTO       L_Lcd_Out17
L_Lcd_Out12:
;__Lib_Lcd.c,194 :: 		
0x0444	0x035E      	DECF       FARG_Lcd_Out_column, 0
0x0445	0x00F0      	MOVWF      R0
0x0446	0x085D      	MOVF       FARG_Lcd_Out_row, 0
0x0447	0x07F0      	ADDWF      R0, 1
0x0448	0x0870      	MOVF       R0, 0
0x0449	0x00DD      	MOVWF      FARG_Lcd_Out_row
;__Lib_Lcd.c,196 :: 		
0x044A	0x0870      	MOVF       R0, 0
0x044B	0x00EB      	MOVWF      FARG_Lcd_Cmd_out_char
0x044C	0x2039      	CALL       _Lcd_Cmd
;__Lib_Lcd.c,197 :: 		
0x044D	0x104A      	BCF        __Lib_Lcd_cmd_status, BitPos(__Lib_Lcd_cmd_status+0)
;__Lib_Lcd.c,198 :: 		
0x044E	0x01E0      	CLRF       Lcd_Out_i_L0
;__Lib_Lcd.c,199 :: 		
L_Lcd_Out18:
0x044F	0x0860      	MOVF       Lcd_Out_i_L0, 0
0x0450	0x075F      	ADDWF      FARG_Lcd_Out_text, 0
0x0451	0x0084      	MOVWF      FSR
0x0452	0x0800      	MOVF       INDF, 0
0x0453	0x1903      	BTFSC      STATUS, 2
0x0454	0x2C5D      	GOTO       L_Lcd_Out19
;__Lib_Lcd.c,200 :: 		
0x0455	0x0860      	MOVF       Lcd_Out_i_L0, 0
0x0456	0x075F      	ADDWF      FARG_Lcd_Out_text, 0
0x0457	0x0084      	MOVWF      FSR
0x0458	0x0800      	MOVF       INDF, 0
0x0459	0x00E6      	MOVWF      FARG_Lcd_Chr_CP_out_char
0x045A	0x2134      	CALL       _Lcd_Chr_CP
0x045B	0x0AE0      	INCF       Lcd_Out_i_L0, 1
0x045C	0x2C4F      	GOTO       L_Lcd_Out18
L_Lcd_Out19:
;__Lib_Lcd.c,201 :: 		
0x045D	0x144A      	BSF        __Lib_Lcd_cmd_status, BitPos(__Lib_Lcd_cmd_status+0)
;__Lib_Lcd.c,202 :: 		
L_end_Lcd_Out:
0x045E	0x0008      	RETURN
; end of _Lcd_Out
_Lcd_Init:
;__Lib_Lcd.c,84 :: 		
;__Lib_Lcd.c,86 :: 		
0x045F	0x1683      	BSF        STATUS, 5
0x0460	0x1303      	BCF        STATUS, 6
0x0461	0x1307      	BCF        LCD_EN_Direction, BitPos(LCD_EN_Direction+0)
;__Lib_Lcd.c,87 :: 		
0x0462	0x1387      	BCF        LCD_RS_Direction, BitPos(LCD_RS_Direction+0)
;__Lib_Lcd.c,88 :: 		
0x0463	0x1287      	BCF        LCD_D4_Direction, BitPos(LCD_D4_Direction+0)
;__Lib_Lcd.c,89 :: 		
0x0464	0x1207      	BCF        LCD_D5_Direction, BitPos(LCD_D5_Direction+0)
;__Lib_Lcd.c,90 :: 		
0x0465	0x1187      	BCF        LCD_D6_Direction, BitPos(LCD_D6_Direction+0)
;__Lib_Lcd.c,91 :: 		
0x0466	0x1107      	BCF        LCD_D7_Direction, BitPos(LCD_D7_Direction+0)
;__Lib_Lcd.c,93 :: 		
0x0467	0x1283      	BCF        STATUS, 5
0x0468	0x1307      	BCF        LCD_EN, BitPos(LCD_EN+0)
;__Lib_Lcd.c,94 :: 		
0x0469	0x1387      	BCF        LCD_RS, BitPos(LCD_RS+0)
;__Lib_Lcd.c,95 :: 		
0x046A	0x1107      	BCF        LCD_D7, BitPos(LCD_D7+0)
;__Lib_Lcd.c,96 :: 		
0x046B	0x1187      	BCF        LCD_D6, BitPos(LCD_D6+0)
;__Lib_Lcd.c,97 :: 		
0x046C	0x1207      	BCF        LCD_D5, BitPos(LCD_D5+0)
;__Lib_Lcd.c,98 :: 		
0x046D	0x1287      	BCF        LCD_D4, BitPos(LCD_D4+0)
;__Lib_Lcd.c,100 :: 		
0x046E	0x2029      	CALL       _Delay_5500us
;__Lib_Lcd.c,101 :: 		
0x046F	0x2029      	CALL       _Delay_5500us
;__Lib_Lcd.c,102 :: 		
0x0470	0x2029      	CALL       _Delay_5500us
;__Lib_Lcd.c,105 :: 		
0x0471	0x1607      	BSF        LCD_D5, BitPos(LCD_D5+0)
;__Lib_Lcd.c,106 :: 		
0x0472	0x1687      	BSF        LCD_D4, BitPos(LCD_D4+0)
;__Lib_Lcd.c,107 :: 		
0x0473	0x1707      	BSF        LCD_EN, BitPos(LCD_EN+0)
;__Lib_Lcd.c,108 :: 		
0x0474	0x2036      	CALL       _Delay_1us
;__Lib_Lcd.c,109 :: 		
0x0475	0x1307      	BCF        LCD_EN, BitPos(LCD_EN+0)
;__Lib_Lcd.c,110 :: 		
0x0476	0x2029      	CALL       _Delay_5500us
;__Lib_Lcd.c,112 :: 		
0x0477	0x1707      	BSF        LCD_EN, BitPos(LCD_EN+0)
;__Lib_Lcd.c,113 :: 		
0x0478	0x2036      	CALL       _Delay_1us
;__Lib_Lcd.c,114 :: 		
0x0479	0x1307      	BCF        LCD_EN, BitPos(LCD_EN+0)
;__Lib_Lcd.c,115 :: 		
0x047A	0x2029      	CALL       _Delay_5500us
;__Lib_Lcd.c,117 :: 		
0x047B	0x1707      	BSF        LCD_EN, BitPos(LCD_EN+0)
;__Lib_Lcd.c,118 :: 		
0x047C	0x2036      	CALL       _Delay_1us
;__Lib_Lcd.c,119 :: 		
0x047D	0x1307      	BCF        LCD_EN, BitPos(LCD_EN+0)
;__Lib_Lcd.c,120 :: 		
0x047E	0x2029      	CALL       _Delay_5500us
;__Lib_Lcd.c,123 :: 		
0x047F	0x1287      	BCF        LCD_D4, BitPos(LCD_D4+0)
;__Lib_Lcd.c,124 :: 		
0x0480	0x1707      	BSF        LCD_EN, BitPos(LCD_EN+0)
;__Lib_Lcd.c,125 :: 		
0x0481	0x2036      	CALL       _Delay_1us
;__Lib_Lcd.c,126 :: 		
0x0482	0x1307      	BCF        LCD_EN, BitPos(LCD_EN+0)
;__Lib_Lcd.c,127 :: 		
0x0483	0x2029      	CALL       _Delay_5500us
;__Lib_Lcd.c,130 :: 		
0x0484	0x1707      	BSF        LCD_EN, BitPos(LCD_EN+0)
;__Lib_Lcd.c,131 :: 		
0x0485	0x2036      	CALL       _Delay_1us
;__Lib_Lcd.c,132 :: 		
0x0486	0x1307      	BCF        LCD_EN, BitPos(LCD_EN+0)
;__Lib_Lcd.c,134 :: 		
0x0487	0x1207      	BCF        LCD_D5, BitPos(LCD_D5+0)
;__Lib_Lcd.c,135 :: 		
0x0488	0x1507      	BSF        LCD_D7, BitPos(LCD_D7+0)
;__Lib_Lcd.c,136 :: 		
0x0489	0x1707      	BSF        LCD_EN, BitPos(LCD_EN+0)
;__Lib_Lcd.c,137 :: 		
0x048A	0x2036      	CALL       _Delay_1us
;__Lib_Lcd.c,138 :: 		
0x048B	0x1307      	BCF        LCD_EN, BitPos(LCD_EN+0)
;__Lib_Lcd.c,139 :: 		
0x048C	0x2029      	CALL       _Delay_5500us
;__Lib_Lcd.c,142 :: 		
0x048D	0x1107      	BCF        LCD_D7, BitPos(LCD_D7+0)
;__Lib_Lcd.c,143 :: 		
0x048E	0x1687      	BSF        LCD_D4, BitPos(LCD_D4+0)
;__Lib_Lcd.c,144 :: 		
0x048F	0x1707      	BSF        LCD_EN, BitPos(LCD_EN+0)
;__Lib_Lcd.c,145 :: 		
0x0490	0x2036      	CALL       _Delay_1us
;__Lib_Lcd.c,146 :: 		
0x0491	0x1307      	BCF        LCD_EN, BitPos(LCD_EN+0)
;__Lib_Lcd.c,148 :: 		
0x0492	0x1287      	BCF        LCD_D4, BitPos(LCD_D4+0)
;__Lib_Lcd.c,149 :: 		
0x0493	0x1707      	BSF        LCD_EN, BitPos(LCD_EN+0)
;__Lib_Lcd.c,150 :: 		
0x0494	0x2036      	CALL       _Delay_1us
;__Lib_Lcd.c,151 :: 		
0x0495	0x1307      	BCF        LCD_EN, BitPos(LCD_EN+0)
;__Lib_Lcd.c,152 :: 		
0x0496	0x2029      	CALL       _Delay_5500us
;__Lib_Lcd.c,155 :: 		
0x0497	0x1707      	BSF        LCD_EN, BitPos(LCD_EN+0)
;__Lib_Lcd.c,156 :: 		
0x0498	0x2036      	CALL       _Delay_1us
;__Lib_Lcd.c,157 :: 		
0x0499	0x1307      	BCF        LCD_EN, BitPos(LCD_EN+0)
;__Lib_Lcd.c,159 :: 		
0x049A	0x1687      	BSF        LCD_D4, BitPos(LCD_D4+0)
;__Lib_Lcd.c,160 :: 		
0x049B	0x1707      	BSF        LCD_EN, BitPos(LCD_EN+0)
;__Lib_Lcd.c,161 :: 		
0x049C	0x2036      	CALL       _Delay_1us
;__Lib_Lcd.c,162 :: 		
0x049D	0x1307      	BCF        LCD_EN, BitPos(LCD_EN+0)
;__Lib_Lcd.c,163 :: 		
0x049E	0x2029      	CALL       _Delay_5500us
;__Lib_Lcd.c,166 :: 		
0x049F	0x1287      	BCF        LCD_D4, BitPos(LCD_D4+0)
;__Lib_Lcd.c,167 :: 		
0x04A0	0x1707      	BSF        LCD_EN, BitPos(LCD_EN+0)
;__Lib_Lcd.c,168 :: 		
0x04A1	0x2036      	CALL       _Delay_1us
;__Lib_Lcd.c,169 :: 		
0x04A2	0x1307      	BCF        LCD_EN, BitPos(LCD_EN+0)
;__Lib_Lcd.c,171 :: 		
0x04A3	0x1507      	BSF        LCD_D7, BitPos(LCD_D7+0)
;__Lib_Lcd.c,172 :: 		
0x04A4	0x1587      	BSF        LCD_D6, BitPos(LCD_D6+0)
;__Lib_Lcd.c,173 :: 		
0x04A5	0x1607      	BSF        LCD_D5, BitPos(LCD_D5+0)
;__Lib_Lcd.c,174 :: 		
0x04A6	0x1687      	BSF        LCD_D4, BitPos(LCD_D4+0)
;__Lib_Lcd.c,175 :: 		
0x04A7	0x1707      	BSF        LCD_EN, BitPos(LCD_EN+0)
;__Lib_Lcd.c,176 :: 		
0x04A8	0x2036      	CALL       _Delay_1us
;__Lib_Lcd.c,177 :: 		
0x04A9	0x1307      	BCF        LCD_EN, BitPos(LCD_EN+0)
;__Lib_Lcd.c,179 :: 		
0x04AA	0x2029      	CALL       _Delay_5500us
;__Lib_Lcd.c,181 :: 		
0x04AB	0x144A      	BSF        __Lib_Lcd_cmd_status, BitPos(__Lib_Lcd_cmd_status+0)
;__Lib_Lcd.c,182 :: 		
L_end_Lcd_Init:
0x04AC	0x0008      	RETURN
; end of _Lcd_Init
_Ltrim:
;__Lib_Conversions.c,421 :: 		
;__Lib_Conversions.c,425 :: 		
0x04AD	0x1283      	BCF        STATUS, 5
0x04AE	0x1303      	BCF        STATUS, 6
0x04AF	0x01DE      	CLRF       Ltrim_trimmed_L0
0x04B0	0x01DF      	CLRF       Ltrim_trimmed_L0+1
;__Lib_Conversions.c,426 :: 		
0x04B1	0x085D      	MOVF       FARG_Ltrim_string, 0
0x04B2	0x00F2      	MOVWF      R2
;__Lib_Conversions.c,427 :: 		
0x04B3	0x085D      	MOVF       FARG_Ltrim_string, 0
0x04B4	0x00F3      	MOVWF      R3
;__Lib_Conversions.c,428 :: 		
L_Ltrim84:
;__Lib_Conversions.c,429 :: 		
0x04B5	0x0872      	MOVF       R2, 0
0x04B6	0x0084      	MOVWF      FSR
0x04B7	0x0800      	MOVF       INDF, 0
0x04B8	0x3A20      	XORLW      32
0x04B9	0x1D03      	BTFSS      STATUS, 2
0x04BA	0x2CC0      	GOTO       L__Ltrim345
0x04BB	0x085E      	MOVF       Ltrim_trimmed_L0, 0
0x04BC	0x045F      	IORWF      Ltrim_trimmed_L0+1, 0
0x04BD	0x1D03      	BTFSS      STATUS, 2
0x04BE	0x2CC0      	GOTO       L__Ltrim345
0x04BF	0x2CCD      	GOTO       L_Ltrim89
L__Ltrim345:
;__Lib_Conversions.c,430 :: 		
0x04C0	0x3001      	MOVLW      1
0x04C1	0x00DE      	MOVWF      Ltrim_trimmed_L0
0x04C2	0x3000      	MOVLW      0
0x04C3	0x00DF      	MOVWF      Ltrim_trimmed_L0+1
;__Lib_Conversions.c,431 :: 		
0x04C4	0x0872      	MOVF       R2, 0
0x04C5	0x0084      	MOVWF      FSR
0x04C6	0x0800      	MOVF       INDF, 0
0x04C7	0x00F0      	MOVWF      R0
0x04C8	0x0873      	MOVF       R3, 0
0x04C9	0x0084      	MOVWF      FSR
0x04CA	0x0870      	MOVF       R0, 0
0x04CB	0x0080      	MOVWF      INDF
0x04CC	0x0AF3      	INCF       R3, 1
;__Lib_Conversions.c,432 :: 		
L_Ltrim89:
;__Lib_Conversions.c,434 :: 		
0x04CD	0x0872      	MOVF       R2, 0
0x04CE	0x00F1      	MOVWF      R1
0x04CF	0x0AF2      	INCF       R2, 1
0x04D0	0x0871      	MOVF       R1, 0
0x04D1	0x0084      	MOVWF      FSR
0x04D2	0x0800      	MOVF       INDF, 0
0x04D3	0x3A00      	XORLW      0
0x04D4	0x1D03      	BTFSS      STATUS, 2
0x04D5	0x2CB5      	GOTO       L_Ltrim84
;__Lib_Conversions.c,435 :: 		
0x04D6	0x085D      	MOVF       FARG_Ltrim_string, 0
0x04D7	0x00F0      	MOVWF      R0
;__Lib_Conversions.c,436 :: 		
L_end_Ltrim:
0x04D8	0x0008      	RETURN
; end of _Ltrim
___CC2DW:
;__Lib_System.c,134 :: 		
;__Lib_System.c,137 :: 		
_CC2D_Loop1:
;__Lib_System.c,139 :: 		
0x04D9	0x20ED      	CALL       _____DoICP
0x04DA	0x118A      	BCF        PCLATH, 3
0x04DB	0x120A      	BCF        PCLATH, 4
;__Lib_System.c,141 :: 		
0x04DC	0x0080      	MOVWF      INDF
;__Lib_System.c,142 :: 		
0x04DD	0x0A84      	INCF       FSR, 1
;__Lib_System.c,143 :: 		
0x04DE	0x0ACB      	INCF       ___DoICPAddr, 1
;__Lib_System.c,145 :: 		
0x04DF	0x1903      	BTFSC      STATUS, 2
;__Lib_System.c,146 :: 		
0x04E0	0x0ACC      	INCF       ___DoICPAddr+1, 1
;__Lib_System.c,147 :: 		
0x04E1	0x03F0      	DECF       R0, 1
;__Lib_System.c,149 :: 		
0x04E2	0x1D03      	BTFSS      STATUS, 2
;__Lib_System.c,150 :: 		
0x04E3	0x2CD9      	GOTO       _CC2D_Loop1
;__Lib_System.c,152 :: 		
L_end___CC2DW:
0x04E4	0x0008      	RETURN
; end of ___CC2DW
_main:
0x04E5	0x25A6      	CALL       1446
;temperaturedetector.c,36 :: 		void main() {
;temperaturedetector.c,37 :: 		trisb=0xff;
0x04E6	0x30FF      	MOVLW      255
0x04E7	0x1683      	BSF        STATUS, 5
0x04E8	0x1303      	BCF        STATUS, 6
0x04E9	0x0086      	MOVWF      TRISB
;temperaturedetector.c,38 :: 		INTCON.GIE=1;
0x04EA	0x178B      	BSF        INTCON, 7
;temperaturedetector.c,39 :: 		INTCON.INTE=1;
0x04EB	0x160B      	BSF        INTCON, 4
;temperaturedetector.c,40 :: 		INTCON.INTF=0;
0x04EC	0x108B      	BCF        INTCON, 1
;temperaturedetector.c,42 :: 		trisc.b0=0;
0x04ED	0x1007      	BCF        TRISC, 0
;temperaturedetector.c,43 :: 		Lcd_Init();
0x04EE	0x245F      	CALL       _Lcd_Init
;temperaturedetector.c,44 :: 		ADC_Init();
0x04EF	0x23A8      	CALL       _ADC_Init
;temperaturedetector.c,45 :: 		Lcd_Cmd(_LCD_CLEAR);
0x04F0	0x3001      	MOVLW      1
0x04F1	0x00EB      	MOVWF      FARG_Lcd_Cmd_out_char
0x04F2	0x2039      	CALL       _Lcd_Cmd
;temperaturedetector.c,46 :: 		lcd_cmd(_LCD_CURSOR_OFF);
0x04F3	0x300C      	MOVLW      12
0x04F4	0x00EB      	MOVWF      FARG_Lcd_Cmd_out_char
0x04F5	0x2039      	CALL       _Lcd_Cmd
;temperaturedetector.c,47 :: 		lcd_out(1,4,"DIGITAL TEMPERATURE");
0x04F6	0x3001      	MOVLW      1
0x04F7	0x00DD      	MOVWF      FARG_Lcd_Out_row
0x04F8	0x3004      	MOVLW      4
0x04F9	0x00DE      	MOVWF      FARG_Lcd_Out_column
0x04FA	0x3021      	MOVLW      ?lstr1_temperaturedetector
0x04FB	0x00DF      	MOVWF      FARG_Lcd_Out_text
0x04FC	0x241F      	CALL       _Lcd_Out
;temperaturedetector.c,48 :: 		lcd_out(2,6,"SENSOR");
0x04FD	0x3002      	MOVLW      2
0x04FE	0x00DD      	MOVWF      FARG_Lcd_Out_row
0x04FF	0x3006      	MOVLW      6
0x0500	0x00DE      	MOVWF      FARG_Lcd_Out_column
0x0501	0x3043      	MOVLW      ?lstr2_temperaturedetector
0x0502	0x00DF      	MOVWF      FARG_Lcd_Out_text
0x0503	0x241F      	CALL       _Lcd_Out
;temperaturedetector.c,49 :: 		delay_ms(1000);
0x0504	0x300B      	MOVLW      11
0x0505	0x00FB      	MOVWF      R11
0x0506	0x3026      	MOVLW      38
0x0507	0x00FC      	MOVWF      R12
0x0508	0x305D      	MOVLW      93
0x0509	0x00FD      	MOVWF      R13
L_main5:
0x050A	0x0BFD      	DECFSZ     R13, 1
0x050B	0x2D0A      	GOTO       L_main5
0x050C	0x0BFC      	DECFSZ     R12, 1
0x050D	0x2D0A      	GOTO       L_main5
0x050E	0x0BFB      	DECFSZ     R11, 1
0x050F	0x2D0A      	GOTO       L_main5
0x0510	0x0000      	NOP
0x0511	0x0000      	NOP
;temperaturedetector.c,50 :: 		Lcd_Cmd(_LCD_CLEAR);
0x0512	0x3001      	MOVLW      1
0x0513	0x00EB      	MOVWF      FARG_Lcd_Cmd_out_char
0x0514	0x2039      	CALL       _Lcd_Cmd
;temperaturedetector.c,51 :: 		portc.b0=0;
0x0515	0x1007      	BCF        PORTC, 0
;temperaturedetector.c,52 :: 		spe_degree=30;
0x0516	0x301E      	MOVLW      30
0x0517	0x00D9      	MOVWF      _spe_degree
0x0518	0x3000      	MOVLW      0
0x0519	0x00DA      	MOVWF      _spe_degree+1
;temperaturedetector.c,53 :: 		while(1)
L_main6:
;temperaturedetector.c,55 :: 		temp=ADC_Read(0);
0x051A	0x01DD      	CLRF       FARG_ADC_Read_channel
0x051B	0x2250      	CALL       _ADC_Read
0x051C	0x0870      	MOVF       R0, 0
0x051D	0x1283      	BCF        STATUS, 5
0x051E	0x00D4      	MOVWF      _temp
0x051F	0x0871      	MOVF       R0+1, 0
0x0520	0x00D5      	MOVWF      _temp+1
;temperaturedetector.c,56 :: 		temp=temp* 0.48826;
0x0521	0x217B      	CALL       _int2double
0x0522	0x3037      	MOVLW      55
0x0523	0x00F4      	MOVWF      R4
0x0524	0x30FD      	MOVLW      253
0x0525	0x00F5      	MOVWF      R4+1
0x0526	0x3079      	MOVLW      121
0x0527	0x00F6      	MOVWF      R4+2
0x0528	0x307D      	MOVLW      125
0x0529	0x00F7      	MOVWF      R4+3
0x052A	0x23BE      	CALL       _Mul_32x32_FP
0x052B	0x2278      	CALL       _double2int
0x052C	0x0870      	MOVF       R0, 0
0x052D	0x00D4      	MOVWF      _temp
0x052E	0x0871      	MOVF       R0+1, 0
0x052F	0x00D5      	MOVWF      _temp+1
;temperaturedetector.c,57 :: 		temp=temp/0.01;
0x0530	0x217B      	CALL       _int2double
0x0531	0x300A      	MOVLW      10
0x0532	0x00F4      	MOVWF      R4
0x0533	0x30D7      	MOVLW      215
0x0534	0x00F5      	MOVWF      R4+1
0x0535	0x3023      	MOVLW      35
0x0536	0x00F6      	MOVWF      R4+2
0x0537	0x3078      	MOVLW      120
0x0538	0x00F7      	MOVWF      R4+3
0x0539	0x2199      	CALL       _Div_32x32_FP
0x053A	0x2278      	CALL       _double2int
0x053B	0x0870      	MOVF       R0, 0
0x053C	0x00D4      	MOVWF      _temp
0x053D	0x0871      	MOVF       R0+1, 0
0x053E	0x00D5      	MOVWF      _temp+1
;temperaturedetector.c,58 :: 		temp=temp/100;
0x053F	0x3064      	MOVLW      100
0x0540	0x00F4      	MOVWF      R4
0x0541	0x3000      	MOVLW      0
0x0542	0x00F5      	MOVWF      R4+1
0x0543	0x22D5      	CALL       _Div_16x16_S
0x0544	0x0870      	MOVF       R0, 0
0x0545	0x00D4      	MOVWF      _temp
0x0546	0x0871      	MOVF       R0+1, 0
0x0547	0x00D5      	MOVWF      _temp+1
;temperaturedetector.c,59 :: 		inttostr(temp,temper);
0x0548	0x0870      	MOVF       R0, 0
0x0549	0x00DD      	MOVWF      FARG_IntToStr_input
0x054A	0x0871      	MOVF       R0+1, 0
0x054B	0x00DE      	MOVWF      FARG_IntToStr_input+1
0x054C	0x304D      	MOVLW      _temper
0x054D	0x00DF      	MOVWF      FARG_IntToStr_output
0x054E	0x233E      	CALL       _IntToStr
;temperaturedetector.c,60 :: 		lcd_out(1,1,"TEMPERATURE=");
0x054F	0x3001      	MOVLW      1
0x0550	0x00DD      	MOVWF      FARG_Lcd_Out_row
0x0551	0x3001      	MOVLW      1
0x0552	0x00DE      	MOVWF      FARG_Lcd_Out_column
0x0553	0x3035      	MOVLW      ?lstr3_temperaturedetector
0x0554	0x00DF      	MOVWF      FARG_Lcd_Out_text
0x0555	0x241F      	CALL       _Lcd_Out
;temperaturedetector.c,61 :: 		lcd_out(1,13,Ltrim(temper));
0x0556	0x304D      	MOVLW      _temper
0x0557	0x00DD      	MOVWF      FARG_Ltrim_string
0x0558	0x24AD      	CALL       _Ltrim
0x0559	0x0870      	MOVF       R0, 0
0x055A	0x00DF      	MOVWF      FARG_Lcd_Out_text
0x055B	0x3001      	MOVLW      1
0x055C	0x00DD      	MOVWF      FARG_Lcd_Out_row
0x055D	0x300D      	MOVLW      13
0x055E	0x00DE      	MOVWF      FARG_Lcd_Out_column
0x055F	0x241F      	CALL       _Lcd_Out
;temperaturedetector.c,62 :: 		lcd_chr_cp(0xdf);
0x0560	0x30DF      	MOVLW      223
0x0561	0x00E6      	MOVWF      FARG_Lcd_Chr_CP_out_char
0x0562	0x2134      	CALL       _Lcd_Chr_CP
;temperaturedetector.c,63 :: 		lcd_chr_cp('C');
0x0563	0x3043      	MOVLW      67
0x0564	0x00E6      	MOVWF      FARG_Lcd_Chr_CP_out_char
0x0565	0x2134      	CALL       _Lcd_Chr_CP
;temperaturedetector.c,64 :: 		if(temp>spe_degree)
0x0566	0x3080      	MOVLW      128
0x0567	0x065A      	XORWF      _spe_degree+1, 0
0x0568	0x00F0      	MOVWF      R0
0x0569	0x3080      	MOVLW      128
0x056A	0x0655      	XORWF      _temp+1, 0
0x056B	0x0270      	SUBWF      R0, 0
0x056C	0x1D03      	BTFSS      STATUS, 2
0x056D	0x2D70      	GOTO       L__main13
0x056E	0x0854      	MOVF       _temp, 0
0x056F	0x0259      	SUBWF      _spe_degree, 0
L__main13:
0x0570	0x1803      	BTFSC      STATUS, 0
0x0571	0x2D74      	GOTO       L_main8
;temperaturedetector.c,65 :: 		portc.b0=1;
0x0572	0x1407      	BSF        PORTC, 0
0x0573	0x2D75      	GOTO       L_main9
L_main8:
;temperaturedetector.c,67 :: 		portc.b0=0;
0x0574	0x1007      	BCF        PORTC, 0
L_main9:
;temperaturedetector.c,69 :: 		}
0x0575	0x2D1A      	GOTO       L_main6
;temperaturedetector.c,70 :: 		}
L_end_main:
0x0576	0x2D76      	GOTO       $+0
; end of _main
0x05A6	0x3021      	MOVLW      33
0x05A7	0x0084      	MOVWF      FSR
0x05A8	0x3029      	MOVLW      41
0x05A9	0x1283      	BCF        STATUS, 5
0x05AA	0x1303      	BCF        STATUS, 6
0x05AB	0x00F0      	MOVWF      R0
0x05AC	0x307C      	MOVLW      124
0x05AD	0x00CB      	MOVWF      ___DoICPAddr
0x05AE	0x3005      	MOVLW      5
0x05AF	0x00CC      	MOVWF      76
0x05B0	0x24D9      	CALL       1241
0x05B1	0x0008      	RETURN
;temperaturedetector.c,0 :: ?ICS?lstr1_temperaturedetector
0x057C	0x3444 ;?ICS?lstr1_temperaturedetector+0
0x057D	0x3449 ;?ICS?lstr1_temperaturedetector+1
0x057E	0x3447 ;?ICS?lstr1_temperaturedetector+2
0x057F	0x3449 ;?ICS?lstr1_temperaturedetector+3
0x0580	0x3454 ;?ICS?lstr1_temperaturedetector+4
0x0581	0x3441 ;?ICS?lstr1_temperaturedetector+5
0x0582	0x344C ;?ICS?lstr1_temperaturedetector+6
0x0583	0x3420 ;?ICS?lstr1_temperaturedetector+7
0x0584	0x3454 ;?ICS?lstr1_temperaturedetector+8
0x0585	0x3445 ;?ICS?lstr1_temperaturedetector+9
0x0586	0x344D ;?ICS?lstr1_temperaturedetector+10
0x0587	0x3450 ;?ICS?lstr1_temperaturedetector+11
0x0588	0x3445 ;?ICS?lstr1_temperaturedetector+12
0x0589	0x3452 ;?ICS?lstr1_temperaturedetector+13
0x058A	0x3441 ;?ICS?lstr1_temperaturedetector+14
0x058B	0x3454 ;?ICS?lstr1_temperaturedetector+15
0x058C	0x3455 ;?ICS?lstr1_temperaturedetector+16
0x058D	0x3452 ;?ICS?lstr1_temperaturedetector+17
0x058E	0x3445 ;?ICS?lstr1_temperaturedetector+18
0x058F	0x3400 ;?ICS?lstr1_temperaturedetector+19
; end of ?ICS?lstr1_temperaturedetector
;temperaturedetector.c,0 :: ?ICS?lstr3_temperaturedetector
0x0590	0x3454 ;?ICS?lstr3_temperaturedetector+0
0x0591	0x3445 ;?ICS?lstr3_temperaturedetector+1
0x0592	0x344D ;?ICS?lstr3_temperaturedetector+2
0x0593	0x3450 ;?ICS?lstr3_temperaturedetector+3
0x0594	0x3445 ;?ICS?lstr3_temperaturedetector+4
0x0595	0x3452 ;?ICS?lstr3_temperaturedetector+5
0x0596	0x3441 ;?ICS?lstr3_temperaturedetector+6
0x0597	0x3454 ;?ICS?lstr3_temperaturedetector+7
0x0598	0x3455 ;?ICS?lstr3_temperaturedetector+8
0x0599	0x3452 ;?ICS?lstr3_temperaturedetector+9
0x059A	0x3445 ;?ICS?lstr3_temperaturedetector+10
0x059B	0x343D ;?ICS?lstr3_temperaturedetector+11
0x059C	0x3400 ;?ICS?lstr3_temperaturedetector+12
; end of ?ICS?lstr3_temperaturedetector
;__Lib_ADC_A_C.c,0 :: ?ICS_vref_mask
0x059D	0x340F ;?ICS_vref_mask+0
; end of ?ICS_vref_mask
;temperaturedetector.c,0 :: ?ICS?lstr2_temperaturedetector
0x059E	0x3453 ;?ICS?lstr2_temperaturedetector+0
0x059F	0x3445 ;?ICS?lstr2_temperaturedetector+1
0x05A0	0x344E ;?ICS?lstr2_temperaturedetector+2
0x05A1	0x3453 ;?ICS?lstr2_temperaturedetector+3
0x05A2	0x344F ;?ICS?lstr2_temperaturedetector+4
0x05A3	0x3452 ;?ICS?lstr2_temperaturedetector+5
0x05A4	0x3400 ;?ICS?lstr2_temperaturedetector+6
; end of ?ICS?lstr2_temperaturedetector
Symbol List:
//** Routines locations **
//ADDRESS    SIZE    PROCEDURE
//----------------------------------------------
0x0004      [30]    _interrupt
0x0022       [7]    _Delay_50us
0x0029      [13]    _Delay_5500us
0x0036       [3]    _Delay_1us
0x0039      [64]    _Lcd_Cmd
0x0079       [4]    _FIXSIGN32
0x007D      [29]    _Div_16X16_U
0x009A      [12]    _SETFUN32
0x00A6       [7]    _RES032
0x00AD      [12]    _SETFOV32
0x00B9      [44]    _Div_16x16_S_L
0x00E5       [8]    _Delay_22us
0x00ED       [7]    _____DoICP
0x00F4      [64]    _WordToStr
0x0134       [8]    _Lcd_Chr_CP
0x013C       [3]    _SETFDZ32
0x013F      [13]    _SETIOV3224
0x014C      [47]    _NRM3232
0x017B      [30]    _int2double
0x0199     [183]    _Div_32x32_FP
0x0250      [40]    _ADC_Read
0x0278      [93]    _double2int
0x02D5     [105]    _Div_16x16_S
0x033E     [106]    _IntToStr
0x03A8      [22]    _ADC_Init
0x03BE      [97]    _Mul_32x32_FP
0x041F      [64]    _Lcd_Out
0x045F      [78]    _Lcd_Init
0x04AD      [44]    _Ltrim
0x04D9      [12]    ___CC2DW
0x04E5     [145]    _main
//** Variables locations ** 
//ADDRESS    SIZE    VARIABLE
//----------------------------------------------
0x0000       [1]    INDF
0x0002       [1]    PCL
0x0003       [1]    STATUS
0x0004       [1]    FSR
0x0006       [1]    PORTB
0x0007       [0]    RC6_bit
0x0007       [0]    RC7_bit
0x0007       [0]    LCD_D5
0x0007       [0]    LCD_D4
0x0007       [1]    PORTC
0x0007       [0]    LCD_D6
0x0007       [0]    LCD_RS
0x0007       [0]    LCD_EN
0x0007       [0]    LCD_D7
0x0007       [0]    RC4_bit
0x0007       [0]    RC5_bit
0x0007       [0]    RC3_bit
0x0007       [0]    RC2_bit
0x000A       [1]    PCLATH
0x000B       [1]    INTCON
0x001E       [1]    ADRESH
0x001F       [1]    ADCON0
0x0020       [1]    __math_tempbD
0x0021      [20]    ?lstr1_temperaturedetector
0x0035      [13]    ?lstr3_temperaturedetector
0x0042       [1]    _vref_mask
0x0043       [7]    ?lstr2_temperaturedetector
0x004A       [0]    __Lib_Lcd_cmd_status
0x004B       [2]    ___DoICPAddr
0x004D       [7]    _temper
0x0054       [2]    _temp
0x0056       [3]    _ADC_Get_Sample_Ptr
0x0059       [2]    _spe_degree
0x005B       [1]    ___savePCLATH
0x005C       [1]    ___saveSTATUS
0x005D       [1]    FARG_Ltrim_string
0x005D       [1]    FARG_Lcd_Out_row
0x005D       [1]    FARG_ADC_Read_channel
0x005D       [2]    FARG_IntToStr_input
0x005E       [2]    Ltrim_trimmed_L0
0x005E       [1]    FARG_Lcd_Out_column
0x005F       [1]    FARG_Lcd_Out_text
0x005F       [1]    FARG_IntToStr_output
0x0060       [2]    IntToStr_i_L0
0x0060       [1]    Lcd_Out_i_L0
0x0062       [2]    IntToStr_negative_L0
0x0064       [2]    IntToStr_inword_L0
0x0066       [1]    FARG_Lcd_Chr_CP_out_char
0x0066       [2]    FARG_WordToStr_input
0x0068       [1]    FARG_WordToStr_output
0x0069       [1]    WordToStr_len_L0
0x006A       [1]    FLOC__WordToStr
0x006B       [1]    FARG_Lcd_Cmd_out_char
0x0070       [1]    R0
0x0071       [1]    R1
0x0072       [1]    R2
0x0073       [1]    R3
0x0074       [1]    R4
0x0075       [1]    R5
0x0076       [1]    R6
0x0077       [1]    R7
0x0078       [1]    R8
0x0079       [1]    R9
0x007A       [1]    R10
0x007B       [1]    R11
0x007C       [1]    R12
0x007D       [1]    R13
0x007E       [1]    R14
0x007F       [1]    R15
0x0086       [1]    TRISB
0x0087       [1]    TRISC
0x0087       [0]    TRISC3_bit
0x0087       [0]    TRISC4_bit
0x0087       [0]    LCD_D5_Direction
0x0087       [0]    TRISC2_bit
0x0087       [0]    LCD_D6_Direction
0x0087       [0]    LCD_D7_Direction
0x0087       [0]    LCD_D4_Direction
0x0087       [0]    LCD_EN_Direction
0x0087       [0]    TRISC7_bit
0x0087       [0]    TRISC6_bit
0x0087       [0]    LCD_RS_Direction
0x0087       [0]    TRISC5_bit
0x009E       [1]    ADRESL
0x009F       [1]    ADCON1
//** Constants locations ** 
//ADDRESS    SIZE    CONSTANT
//----------------------------------------------
0x057C      [20]    ?ICS?lstr1_temperaturedetector
0x0590      [13]    ?ICS?lstr3_temperaturedetector
0x059D       [1]    ?ICS_vref_mask
0x059E       [7]    ?ICS?lstr2_temperaturedetector
